2022-02-21 22:45:52.991 INFO  h.a.a.a.SpringProductManagerDemoApi - Starting SpringProductManagerDemoApi using Java 1.8.0_202 on EPAMYERW01D3 with PID 11436 (C:\Users\Hayk_Abajyan\Desktop\product-manager-demo-api\target\classes started by Hayk_Abajyan in C:\Users\Hayk_Abajyan\Desktop\product-manager-demo-api)
2022-02-21 22:45:52.998 INFO  h.a.a.a.SpringProductManagerDemoApi - No active profile set, falling back to default profiles: default
2022-02-21 22:45:54.190 INFO  o.s.d.r.c.RepositoryConfigurationDelegate - Bootstrapping Spring Data JPA repositories in DEFAULT mode.
2022-02-21 22:45:54.311 INFO  o.s.d.r.c.RepositoryConfigurationDelegate - Finished Spring Data repository scanning in 97 ms. Found 1 JPA repository interfaces.
2022-02-21 22:45:55.651 INFO  o.s.b.w.e.tomcat.TomcatWebServer - Tomcat initialized with port(s): 8081 (http)
2022-02-21 22:45:55.669 INFO  o.a.coyote.http11.Http11NioProtocol - Initializing ProtocolHandler ["http-nio-8081"]
2022-02-21 22:45:55.670 INFO  o.a.catalina.core.StandardService - Starting service [Tomcat]
2022-02-21 22:45:55.670 INFO  o.a.catalina.core.StandardEngine - Starting Servlet engine: [Apache Tomcat/9.0.56]
2022-02-21 22:45:55.791 INFO  o.a.c.c.C.[Tomcat].[localhost].[/] - Initializing Spring embedded WebApplicationContext
2022-02-21 22:45:55.791 INFO  o.s.b.w.s.c.ServletWebServerApplicationContext - Root WebApplicationContext: initialization completed in 2695 ms
2022-02-21 22:45:56.117 INFO  o.h.jpa.internal.util.LogHelper - HHH000204: Processing PersistenceUnitInfo [name: default]
2022-02-21 22:45:56.203 INFO  org.hibernate.Version - HHH000412: Hibernate ORM core version 5.6.3.Final
2022-02-21 22:45:56.556 INFO  o.h.annotations.common.Version - HCANN000001: Hibernate Commons Annotations {5.1.2.Final}
2022-02-21 22:45:56.777 INFO  com.zaxxer.hikari.HikariDataSource - HikariPool-1 - Starting...
2022-02-21 22:45:57.607 INFO  com.zaxxer.hikari.HikariDataSource - HikariPool-1 - Start completed.
2022-02-21 22:45:57.694 INFO  org.hibernate.dialect.Dialect - HHH000400: Using dialect: org.hibernate.dialect.PostgreSQL10Dialect
2022-02-21 22:45:58.707 WARN  o.h.e.jdbc.spi.SqlExceptionHelper - SQL Warning Code: 0, SQLState: 00000
2022-02-21 22:45:58.707 WARN  o.h.e.jdbc.spi.SqlExceptionHelper - table "products" does not exist, skipping
2022-02-21 22:45:58.768 INFO  o.h.e.t.j.p.i.JtaPlatformInitiator - HHH000490: Using JtaPlatform implementation: [org.hibernate.engine.transaction.jta.platform.internal.NoJtaPlatform]
2022-02-21 22:45:58.781 INFO  o.s.o.j.LocalContainerEntityManagerFactoryBean - Initialized JPA EntityManagerFactory for persistence unit 'default'
2022-02-21 22:45:59.272 WARN  o.s.b.a.o.j.JpaBaseConfiguration$JpaWebConfiguration - spring.jpa.open-in-view is enabled by default. Therefore, database queries may be performed during view rendering. Explicitly configure spring.jpa.open-in-view to disable this warning
2022-02-21 22:45:59.718 INFO  o.a.coyote.http11.Http11NioProtocol - Starting ProtocolHandler ["http-nio-8081"]
2022-02-21 22:45:59.753 INFO  o.s.b.w.e.tomcat.TomcatWebServer - Tomcat started on port(s): 8081 (http) with context path ''
2022-02-21 22:45:59.766 INFO  h.a.a.a.SpringProductManagerDemoApi - Started SpringProductManagerDemoApi in 7.426 seconds (JVM running for 8.667)
2022-02-21 22:48:03.236 INFO  o.a.c.c.C.[Tomcat].[localhost].[/] - Initializing Spring DispatcherServlet 'dispatcherServlet'
2022-02-21 22:48:03.237 INFO  o.s.web.servlet.DispatcherServlet - Initializing Servlet 'dispatcherServlet'
2022-02-21 22:48:03.244 INFO  o.s.web.servlet.DispatcherServlet - Completed initialization in 7 ms
2022-02-21 23:03:21.964 INFO  h.a.a.a.controller.ProductController - product successfully created.
2022-02-21 23:04:18.794 WARN  h.a.a.a.s.impl.ProductServiceImpl - product does not exist!!
2022-02-21 23:04:18.805 ERROR o.a.c.c.C.[.[.[.[dispatcherServlet] - Servlet.service() for servlet [dispatcherServlet] in context with path [] threw exception [Request processing failed; nested exception is hayk.abajyan.am.api.exceptions.ProductNotFoundException: product not found] with root cause
hayk.abajyan.am.api.exceptions.ProductNotFoundException: product not found
	at hayk.abajyan.am.api.servise.impl.ProductServiceImpl.get(ProductServiceImpl.java:32)
	at hayk.abajyan.am.api.controller.ProductAdminController.getProductById(ProductController.java:32)
	at sun.reflect.NativeMethodAccessorImpl.invoke0(Native Method)
	at sun.reflect.NativeMethodAccessorImpl.invoke(NativeMethodAccessorImpl.java:62)
	at sun.reflect.DelegatingMethodAccessorImpl.invoke(DelegatingMethodAccessorImpl.java:43)
	at java.lang.reflect.Method.invoke(Method.java:498)
	at org.springframework.web.method.support.InvocableHandlerMethod.doInvoke(InvocableHandlerMethod.java:205)
	at org.springframework.web.method.support.InvocableHandlerMethod.invokeForRequest(InvocableHandlerMethod.java:150)
	at org.springframework.web.servlet.mvc.method.annotation.ServletInvocableHandlerMethod.invokeAndHandle(ServletInvocableHandlerMethod.java:117)
	at org.springframework.web.servlet.mvc.method.annotation.RequestMappingHandlerAdapter.invokeHandlerMethod(RequestMappingHandlerAdapter.java:895)
	at org.springframework.web.servlet.mvc.method.annotation.RequestMappingHandlerAdapter.handleInternal(RequestMappingHandlerAdapter.java:808)
	at org.springframework.web.servlet.mvc.method.AbstractHandlerMethodAdapter.handle(AbstractHandlerMethodAdapter.java:87)
	at org.springframework.web.servlet.DispatcherServlet.doDispatch(DispatcherServlet.java:1067)
	at org.springframework.web.servlet.DispatcherServlet.doService(DispatcherServlet.java:963)
	at org.springframework.web.servlet.FrameworkServlet.processRequest(FrameworkServlet.java:1006)
	at org.springframework.web.servlet.FrameworkServlet.doGet(FrameworkServlet.java:898)
	at javax.servlet.http.HttpServlet.service(HttpServlet.java:655)
	at org.springframework.web.servlet.FrameworkServlet.service(FrameworkServlet.java:883)
	at javax.servlet.http.HttpServlet.service(HttpServlet.java:764)
	at org.apache.catalina.core.ApplicationFilterChain.internalDoFilter(ApplicationFilterChain.java:227)
	at org.apache.catalina.core.ApplicationFilterChain.doFilter(ApplicationFilterChain.java:162)
	at org.apache.tomcat.websocket.server.WsFilter.doFilter(WsFilter.java:53)
	at org.apache.catalina.core.ApplicationFilterChain.internalDoFilter(ApplicationFilterChain.java:189)
	at org.apache.catalina.core.ApplicationFilterChain.doFilter(ApplicationFilterChain.java:162)
	at org.springframework.web.filter.RequestContextFilter.doFilterInternal(RequestContextFilter.java:100)
	at org.springframework.web.filter.OncePerRequestFilter.doFilter(OncePerRequestFilter.java:117)
	at org.apache.catalina.core.ApplicationFilterChain.internalDoFilter(ApplicationFilterChain.java:189)
	at org.apache.catalina.core.ApplicationFilterChain.doFilter(ApplicationFilterChain.java:162)
	at org.springframework.web.filter.FormContentFilter.doFilterInternal(FormContentFilter.java:93)
	at org.springframework.web.filter.OncePerRequestFilter.doFilter(OncePerRequestFilter.java:117)
	at org.apache.catalina.core.ApplicationFilterChain.internalDoFilter(ApplicationFilterChain.java:189)
	at org.apache.catalina.core.ApplicationFilterChain.doFilter(ApplicationFilterChain.java:162)
	at org.springframework.web.filter.CharacterEncodingFilter.doFilterInternal(CharacterEncodingFilter.java:201)
	at org.springframework.web.filter.OncePerRequestFilter.doFilter(OncePerRequestFilter.java:117)
	at org.apache.catalina.core.ApplicationFilterChain.internalDoFilter(ApplicationFilterChain.java:189)
	at org.apache.catalina.core.ApplicationFilterChain.doFilter(ApplicationFilterChain.java:162)
	at org.apache.catalina.core.StandardWrapperValve.invoke(StandardWrapperValve.java:197)
	at org.apache.catalina.core.StandardContextValve.invoke(StandardContextValve.java:97)
	at org.apache.catalina.authenticator.AuthenticatorBase.invoke(AuthenticatorBase.java:540)
	at org.apache.catalina.core.StandardHostValve.invoke(StandardHostValve.java:135)
	at org.apache.catalina.valves.ErrorReportValve.invoke(ErrorReportValve.java:92)
	at org.apache.catalina.core.StandardEngineValve.invoke(StandardEngineValve.java:78)
	at org.apache.catalina.connector.CoyoteAdapter.service(CoyoteAdapter.java:357)
	at org.apache.coyote.http11.Http11Processor.service(Http11Processor.java:382)
	at org.apache.coyote.AbstractProcessorLight.process(AbstractProcessorLight.java:65)
	at org.apache.coyote.AbstractProtocol$ConnectionHandler.process(AbstractProtocol.java:895)
	at org.apache.tomcat.util.net.NioEndpoint$SocketProcessor.doRun(NioEndpoint.java:1732)
	at org.apache.tomcat.util.net.SocketProcessorBase.run(SocketProcessorBase.java:49)
	at org.apache.tomcat.util.threads.ThreadPoolExecutor.runWorker(ThreadPoolExecutor.java:1191)
	at org.apache.tomcat.util.threads.ThreadPoolExecutor$Worker.run(ThreadPoolExecutor.java:659)
	at org.apache.tomcat.util.threads.TaskThread$WrappingRunnable.run(TaskThread.java:61)
	at java.lang.Thread.run(Thread.java:748)
2022-02-21 23:05:07.015 WARN  h.a.a.a.s.impl.ProductServiceImpl - product does not exist!!
2022-02-21 23:05:07.018 ERROR o.a.c.c.C.[.[.[.[dispatcherServlet] - Servlet.service() for servlet [dispatcherServlet] in context with path [] threw exception [Request processing failed; nested exception is hayk.abajyan.am.api.exceptions.ProductNotFoundException: product not found] with root cause
hayk.abajyan.am.api.exceptions.ProductNotFoundException: product not found
	at hayk.abajyan.am.api.servise.impl.ProductServiceImpl.get(ProductServiceImpl.java:32)
	at hayk.abajyan.am.api.controller.ProductAdminController.getProductById(ProductController.java:32)
	at sun.reflect.NativeMethodAccessorImpl.invoke0(Native Method)
	at sun.reflect.NativeMethodAccessorImpl.invoke(NativeMethodAccessorImpl.java:62)
	at sun.reflect.DelegatingMethodAccessorImpl.invoke(DelegatingMethodAccessorImpl.java:43)
	at java.lang.reflect.Method.invoke(Method.java:498)
	at org.springframework.web.method.support.InvocableHandlerMethod.doInvoke(InvocableHandlerMethod.java:205)
	at org.springframework.web.method.support.InvocableHandlerMethod.invokeForRequest(InvocableHandlerMethod.java:150)
	at org.springframework.web.servlet.mvc.method.annotation.ServletInvocableHandlerMethod.invokeAndHandle(ServletInvocableHandlerMethod.java:117)
	at org.springframework.web.servlet.mvc.method.annotation.RequestMappingHandlerAdapter.invokeHandlerMethod(RequestMappingHandlerAdapter.java:895)
	at org.springframework.web.servlet.mvc.method.annotation.RequestMappingHandlerAdapter.handleInternal(RequestMappingHandlerAdapter.java:808)
	at org.springframework.web.servlet.mvc.method.AbstractHandlerMethodAdapter.handle(AbstractHandlerMethodAdapter.java:87)
	at org.springframework.web.servlet.DispatcherServlet.doDispatch(DispatcherServlet.java:1067)
	at org.springframework.web.servlet.DispatcherServlet.doService(DispatcherServlet.java:963)
	at org.springframework.web.servlet.FrameworkServlet.processRequest(FrameworkServlet.java:1006)
	at org.springframework.web.servlet.FrameworkServlet.doGet(FrameworkServlet.java:898)
	at javax.servlet.http.HttpServlet.service(HttpServlet.java:655)
	at org.springframework.web.servlet.FrameworkServlet.service(FrameworkServlet.java:883)
	at javax.servlet.http.HttpServlet.service(HttpServlet.java:764)
	at org.apache.catalina.core.ApplicationFilterChain.internalDoFilter(ApplicationFilterChain.java:227)
	at org.apache.catalina.core.ApplicationFilterChain.doFilter(ApplicationFilterChain.java:162)
	at org.apache.tomcat.websocket.server.WsFilter.doFilter(WsFilter.java:53)
	at org.apache.catalina.core.ApplicationFilterChain.internalDoFilter(ApplicationFilterChain.java:189)
	at org.apache.catalina.core.ApplicationFilterChain.doFilter(ApplicationFilterChain.java:162)
	at org.springframework.web.filter.RequestContextFilter.doFilterInternal(RequestContextFilter.java:100)
	at org.springframework.web.filter.OncePerRequestFilter.doFilter(OncePerRequestFilter.java:117)
	at org.apache.catalina.core.ApplicationFilterChain.internalDoFilter(ApplicationFilterChain.java:189)
	at org.apache.catalina.core.ApplicationFilterChain.doFilter(ApplicationFilterChain.java:162)
	at org.springframework.web.filter.FormContentFilter.doFilterInternal(FormContentFilter.java:93)
	at org.springframework.web.filter.OncePerRequestFilter.doFilter(OncePerRequestFilter.java:117)
	at org.apache.catalina.core.ApplicationFilterChain.internalDoFilter(ApplicationFilterChain.java:189)
	at org.apache.catalina.core.ApplicationFilterChain.doFilter(ApplicationFilterChain.java:162)
	at org.springframework.web.filter.CharacterEncodingFilter.doFilterInternal(CharacterEncodingFilter.java:201)
	at org.springframework.web.filter.OncePerRequestFilter.doFilter(OncePerRequestFilter.java:117)
	at org.apache.catalina.core.ApplicationFilterChain.internalDoFilter(ApplicationFilterChain.java:189)
	at org.apache.catalina.core.ApplicationFilterChain.doFilter(ApplicationFilterChain.java:162)
	at org.apache.catalina.core.StandardWrapperValve.invoke(StandardWrapperValve.java:197)
	at org.apache.catalina.core.StandardContextValve.invoke(StandardContextValve.java:97)
	at org.apache.catalina.authenticator.AuthenticatorBase.invoke(AuthenticatorBase.java:540)
	at org.apache.catalina.core.StandardHostValve.invoke(StandardHostValve.java:135)
	at org.apache.catalina.valves.ErrorReportValve.invoke(ErrorReportValve.java:92)
	at org.apache.catalina.core.StandardEngineValve.invoke(StandardEngineValve.java:78)
	at org.apache.catalina.connector.CoyoteAdapter.service(CoyoteAdapter.java:357)
	at org.apache.coyote.http11.Http11Processor.service(Http11Processor.java:382)
	at org.apache.coyote.AbstractProcessorLight.process(AbstractProcessorLight.java:65)
	at org.apache.coyote.AbstractProtocol$ConnectionHandler.process(AbstractProtocol.java:895)
	at org.apache.tomcat.util.net.NioEndpoint$SocketProcessor.doRun(NioEndpoint.java:1732)
	at org.apache.tomcat.util.net.SocketProcessorBase.run(SocketProcessorBase.java:49)
	at org.apache.tomcat.util.threads.ThreadPoolExecutor.runWorker(ThreadPoolExecutor.java:1191)
	at org.apache.tomcat.util.threads.ThreadPoolExecutor$Worker.run(ThreadPoolExecutor.java:659)
	at org.apache.tomcat.util.threads.TaskThread$WrappingRunnable.run(TaskThread.java:61)
	at java.lang.Thread.run(Thread.java:748)
2022-02-21 23:06:28.944 INFO  o.s.o.j.LocalContainerEntityManagerFactoryBean - Closing JPA EntityManagerFactory for persistence unit 'default'
2022-02-21 23:06:28.947 INFO  com.zaxxer.hikari.HikariDataSource - HikariPool-1 - Shutdown initiated...
2022-02-21 23:06:28.960 INFO  com.zaxxer.hikari.HikariDataSource - HikariPool-1 - Shutdown completed.
2022-02-21 23:06:35.442 INFO  h.a.a.a.SpringProductManagerDemoApi - Starting SpringProductManagerDemoApi using Java 1.8.0_202 on EPAMYERW01D3 with PID 19096 (C:\Users\Hayk_Abajyan\Desktop\product-manager-demo-api\target\classes started by Hayk_Abajyan in C:\Users\Hayk_Abajyan\Desktop\product-manager-demo-api)
2022-02-21 23:06:35.447 INFO  h.a.a.a.SpringProductManagerDemoApi - No active profile set, falling back to default profiles: default
2022-02-21 23:06:36.327 INFO  o.s.d.r.c.RepositoryConfigurationDelegate - Bootstrapping Spring Data JPA repositories in DEFAULT mode.
2022-02-21 23:06:36.405 INFO  o.s.d.r.c.RepositoryConfigurationDelegate - Finished Spring Data repository scanning in 67 ms. Found 1 JPA repository interfaces.
2022-02-21 23:06:37.412 INFO  o.s.b.w.e.tomcat.TomcatWebServer - Tomcat initialized with port(s): 8081 (http)
2022-02-21 23:06:37.427 INFO  o.a.coyote.http11.Http11NioProtocol - Initializing ProtocolHandler ["http-nio-8081"]
2022-02-21 23:06:37.427 INFO  o.a.catalina.core.StandardService - Starting service [Tomcat]
2022-02-21 23:06:37.428 INFO  o.a.catalina.core.StandardEngine - Starting Servlet engine: [Apache Tomcat/9.0.56]
2022-02-21 23:06:37.541 INFO  o.a.c.c.C.[Tomcat].[localhost].[/] - Initializing Spring embedded WebApplicationContext
2022-02-21 23:06:37.541 INFO  o.s.b.w.s.c.ServletWebServerApplicationContext - Root WebApplicationContext: initialization completed in 2031 ms
2022-02-21 23:06:37.794 INFO  o.h.jpa.internal.util.LogHelper - HHH000204: Processing PersistenceUnitInfo [name: default]
2022-02-21 23:06:37.852 INFO  org.hibernate.Version - HHH000412: Hibernate ORM core version 5.6.3.Final
2022-02-21 23:06:38.247 INFO  o.h.annotations.common.Version - HCANN000001: Hibernate Commons Annotations {5.1.2.Final}
2022-02-21 23:06:38.383 INFO  com.zaxxer.hikari.HikariDataSource - HikariPool-1 - Starting...
2022-02-21 23:06:38.992 INFO  com.zaxxer.hikari.HikariDataSource - HikariPool-1 - Start completed.
2022-02-21 23:06:39.054 INFO  org.hibernate.dialect.Dialect - HHH000400: Using dialect: org.hibernate.dialect.PostgreSQL10Dialect
2022-02-21 23:06:39.999 INFO  o.h.e.t.j.p.i.JtaPlatformInitiator - HHH000490: Using JtaPlatform implementation: [org.hibernate.engine.transaction.jta.platform.internal.NoJtaPlatform]
2022-02-21 23:06:40.009 INFO  o.s.o.j.LocalContainerEntityManagerFactoryBean - Initialized JPA EntityManagerFactory for persistence unit 'default'
2022-02-21 23:06:40.478 WARN  o.s.b.a.o.j.JpaBaseConfiguration$JpaWebConfiguration - spring.jpa.open-in-view is enabled by default. Therefore, database queries may be performed during view rendering. Explicitly configure spring.jpa.open-in-view to disable this warning
2022-02-21 23:06:40.885 INFO  o.a.coyote.http11.Http11NioProtocol - Starting ProtocolHandler ["http-nio-8081"]
2022-02-21 23:06:40.920 INFO  o.s.b.w.e.tomcat.TomcatWebServer - Tomcat started on port(s): 8081 (http) with context path ''
2022-02-21 23:06:40.930 INFO  h.a.a.a.SpringProductManagerDemoApi - Started SpringProductManagerDemoApi in 6.012 seconds (JVM running for 6.705)
2022-02-21 23:07:31.331 INFO  o.s.o.j.LocalContainerEntityManagerFactoryBean - Closing JPA EntityManagerFactory for persistence unit 'default'
2022-02-21 23:07:31.333 INFO  com.zaxxer.hikari.HikariDataSource - HikariPool-1 - Shutdown initiated...
2022-02-21 23:07:31.346 INFO  com.zaxxer.hikari.HikariDataSource - HikariPool-1 - Shutdown completed.
2022-02-21 23:07:35.069 INFO  h.a.a.a.SpringProductManagerDemoApi - Starting SpringProductManagerDemoApi using Java 1.8.0_202 on EPAMYERW01D3 with PID 26084 (C:\Users\Hayk_Abajyan\Desktop\product-manager-demo-api\target\classes started by Hayk_Abajyan in C:\Users\Hayk_Abajyan\Desktop\product-manager-demo-api)
2022-02-21 23:07:35.072 INFO  h.a.a.a.SpringProductManagerDemoApi - No active profile set, falling back to default profiles: default
2022-02-21 23:07:36.035 INFO  o.s.d.r.c.RepositoryConfigurationDelegate - Bootstrapping Spring Data JPA repositories in DEFAULT mode.
2022-02-21 23:07:36.137 INFO  o.s.d.r.c.RepositoryConfigurationDelegate - Finished Spring Data repository scanning in 79 ms. Found 1 JPA repository interfaces.
2022-02-21 23:07:37.372 INFO  o.s.b.w.e.tomcat.TomcatWebServer - Tomcat initialized with port(s): 8081 (http)
2022-02-21 23:07:37.383 INFO  o.a.coyote.http11.Http11NioProtocol - Initializing ProtocolHandler ["http-nio-8081"]
2022-02-21 23:07:37.384 INFO  o.a.catalina.core.StandardService - Starting service [Tomcat]
2022-02-21 23:07:37.384 INFO  o.a.catalina.core.StandardEngine - Starting Servlet engine: [Apache Tomcat/9.0.56]
2022-02-21 23:07:37.491 INFO  o.a.c.c.C.[Tomcat].[localhost].[/] - Initializing Spring embedded WebApplicationContext
2022-02-21 23:07:37.492 INFO  o.s.b.w.s.c.ServletWebServerApplicationContext - Root WebApplicationContext: initialization completed in 2350 ms
2022-02-21 23:07:37.721 INFO  o.h.jpa.internal.util.LogHelper - HHH000204: Processing PersistenceUnitInfo [name: default]
2022-02-21 23:07:37.776 INFO  org.hibernate.Version - HHH000412: Hibernate ORM core version 5.6.3.Final
2022-02-21 23:07:38.078 INFO  o.h.annotations.common.Version - HCANN000001: Hibernate Commons Annotations {5.1.2.Final}
2022-02-21 23:07:38.325 INFO  com.zaxxer.hikari.HikariDataSource - HikariPool-1 - Starting...
2022-02-21 23:07:39.335 INFO  com.zaxxer.hikari.HikariDataSource - HikariPool-1 - Start completed.
2022-02-21 23:07:39.385 INFO  org.hibernate.dialect.Dialect - HHH000400: Using dialect: org.hibernate.dialect.PostgreSQL10Dialect
2022-02-21 23:07:40.255 INFO  o.h.e.t.j.p.i.JtaPlatformInitiator - HHH000490: Using JtaPlatform implementation: [org.hibernate.engine.transaction.jta.platform.internal.NoJtaPlatform]
2022-02-21 23:07:40.268 INFO  o.s.o.j.LocalContainerEntityManagerFactoryBean - Initialized JPA EntityManagerFactory for persistence unit 'default'
2022-02-21 23:07:40.733 WARN  o.s.b.a.o.j.JpaBaseConfiguration$JpaWebConfiguration - spring.jpa.open-in-view is enabled by default. Therefore, database queries may be performed during view rendering. Explicitly configure spring.jpa.open-in-view to disable this warning
2022-02-21 23:07:41.434 INFO  o.a.coyote.http11.Http11NioProtocol - Starting ProtocolHandler ["http-nio-8081"]
2022-02-21 23:07:41.475 INFO  o.s.b.w.e.tomcat.TomcatWebServer - Tomcat started on port(s): 8081 (http) with context path ''
2022-02-21 23:07:41.489 INFO  h.a.a.a.SpringProductManagerDemoApi - Started SpringProductManagerDemoApi in 6.973 seconds (JVM running for 7.745)
2022-02-21 23:09:09.005 INFO  o.a.c.c.C.[Tomcat].[localhost].[/] - Initializing Spring DispatcherServlet 'dispatcherServlet'
2022-02-21 23:09:09.006 INFO  o.s.web.servlet.DispatcherServlet - Initializing Servlet 'dispatcherServlet'
2022-02-21 23:09:09.015 INFO  o.s.web.servlet.DispatcherServlet - Completed initialization in 8 ms
2022-02-21 23:09:10.083 INFO  h.a.a.a.controller.ProductController - product successfully created.
2022-02-21 23:09:31.791 INFO  h.a.a.a.controller.ProductController - product successfully created.
2022-02-21 23:10:20.145 WARN  o.s.w.s.m.s.DefaultHandlerExceptionResolver - Resolved [org.springframework.web.HttpRequestMethodNotSupportedException: Request method 'POST' not supported]
2022-02-21 23:10:35.662 INFO  h.a.a.a.controller.ProductController - product successfully created.
2022-02-21 23:10:42.107 INFO  h.a.a.a.controller.ProductController - product successfully created.
2022-02-21 23:16:34.857 INFO  o.s.o.j.LocalContainerEntityManagerFactoryBean - Closing JPA EntityManagerFactory for persistence unit 'default'
2022-02-21 23:16:34.860 INFO  com.zaxxer.hikari.HikariDataSource - HikariPool-1 - Shutdown initiated...
2022-02-21 23:16:34.871 INFO  com.zaxxer.hikari.HikariDataSource - HikariPool-1 - Shutdown completed.
2022-02-21 23:16:39.498 INFO  h.a.a.a.SpringProductManagerDemoApi - Starting SpringProductManagerDemoApi using Java 1.8.0_202 on EPAMYERW01D3 with PID 31840 (C:\Users\Hayk_Abajyan\Desktop\product-manager-demo-api\target\classes started by Hayk_Abajyan in C:\Users\Hayk_Abajyan\Desktop\product-manager-demo-api)
2022-02-21 23:16:39.503 INFO  h.a.a.a.SpringProductManagerDemoApi - No active profile set, falling back to default profiles: default
2022-02-21 23:16:40.364 INFO  o.s.d.r.c.RepositoryConfigurationDelegate - Bootstrapping Spring Data JPA repositories in DEFAULT mode.
2022-02-21 23:16:40.487 INFO  o.s.d.r.c.RepositoryConfigurationDelegate - Finished Spring Data repository scanning in 103 ms. Found 1 JPA repository interfaces.
2022-02-21 23:16:41.491 INFO  o.s.b.w.e.tomcat.TomcatWebServer - Tomcat initialized with port(s): 8081 (http)
2022-02-21 23:16:41.506 INFO  o.a.coyote.http11.Http11NioProtocol - Initializing ProtocolHandler ["http-nio-8081"]
2022-02-21 23:16:41.507 INFO  o.a.catalina.core.StandardService - Starting service [Tomcat]
2022-02-21 23:16:41.507 INFO  o.a.catalina.core.StandardEngine - Starting Servlet engine: [Apache Tomcat/9.0.56]
2022-02-21 23:16:41.618 INFO  o.a.c.c.C.[Tomcat].[localhost].[/] - Initializing Spring embedded WebApplicationContext
2022-02-21 23:16:41.618 INFO  o.s.b.w.s.c.ServletWebServerApplicationContext - Root WebApplicationContext: initialization completed in 2052 ms
2022-02-21 23:16:41.838 INFO  o.h.jpa.internal.util.LogHelper - HHH000204: Processing PersistenceUnitInfo [name: default]
2022-02-21 23:16:41.900 INFO  org.hibernate.Version - HHH000412: Hibernate ORM core version 5.6.3.Final
2022-02-21 23:16:42.152 INFO  o.h.annotations.common.Version - HCANN000001: Hibernate Commons Annotations {5.1.2.Final}
2022-02-21 23:16:42.263 INFO  com.zaxxer.hikari.HikariDataSource - HikariPool-1 - Starting...
2022-02-21 23:16:42.889 INFO  com.zaxxer.hikari.HikariDataSource - HikariPool-1 - Start completed.
2022-02-21 23:16:42.933 INFO  org.hibernate.dialect.Dialect - HHH000400: Using dialect: org.hibernate.dialect.PostgreSQL10Dialect
2022-02-21 23:16:43.651 INFO  o.h.e.t.j.p.i.JtaPlatformInitiator - HHH000490: Using JtaPlatform implementation: [org.hibernate.engine.transaction.jta.platform.internal.NoJtaPlatform]
2022-02-21 23:16:43.661 INFO  o.s.o.j.LocalContainerEntityManagerFactoryBean - Initialized JPA EntityManagerFactory for persistence unit 'default'
2022-02-21 23:16:44.021 WARN  o.s.b.a.o.j.JpaBaseConfiguration$JpaWebConfiguration - spring.jpa.open-in-view is enabled by default. Therefore, database queries may be performed during view rendering. Explicitly configure spring.jpa.open-in-view to disable this warning
2022-02-21 23:16:44.396 INFO  o.a.coyote.http11.Http11NioProtocol - Starting ProtocolHandler ["http-nio-8081"]
2022-02-21 23:16:44.429 INFO  o.s.b.w.e.tomcat.TomcatWebServer - Tomcat started on port(s): 8081 (http) with context path ''
2022-02-21 23:16:44.442 INFO  h.a.a.a.SpringProductManagerDemoApi - Started SpringProductManagerDemoApi in 5.44 seconds (JVM running for 6.085)
2022-02-21 23:17:25.908 INFO  o.a.c.c.C.[Tomcat].[localhost].[/] - Initializing Spring DispatcherServlet 'dispatcherServlet'
2022-02-21 23:17:25.909 INFO  o.s.web.servlet.DispatcherServlet - Initializing Servlet 'dispatcherServlet'
2022-02-21 23:17:25.914 INFO  o.s.web.servlet.DispatcherServlet - Completed initialization in 5 ms
2022-02-21 23:17:26.918 INFO  h.a.a.a.controller.ProductController - product successfully created.
2022-02-21 23:17:35.927 INFO  h.a.a.a.controller.ProductController - product successfully created.
2022-02-21 23:18:58.271 ERROR o.a.c.c.C.[.[.[.[dispatcherServlet] - Servlet.service() for servlet [dispatcherServlet] in context with path [] threw exception [Request processing failed; nested exception is org.springframework.dao.InvalidDataAccessApiUsageException: The given id must not be null!; nested exception is java.lang.IllegalArgumentException: The given id must not be null!] with root cause
java.lang.IllegalArgumentException: The given id must not be null!
	at org.springframework.util.Assert.notNull(Assert.java:201)
	at org.springframework.data.jpa.repository.support.SimpleJpaRepository.findById(SimpleJpaRepository.java:300)
	at sun.reflect.NativeMethodAccessorImpl.invoke0(Native Method)
	at sun.reflect.NativeMethodAccessorImpl.invoke(NativeMethodAccessorImpl.java:62)
	at sun.reflect.DelegatingMethodAccessorImpl.invoke(DelegatingMethodAccessorImpl.java:43)
	at java.lang.reflect.Method.invoke(Method.java:498)
	at org.springframework.data.repository.core.support.RepositoryMethodInvoker$RepositoryFragmentMethodInvoker.lambda$new$0(RepositoryMethodInvoker.java:289)
	at org.springframework.data.repository.core.support.RepositoryMethodInvoker.doInvoke(RepositoryMethodInvoker.java:137)
	at org.springframework.data.repository.core.support.RepositoryMethodInvoker.invoke(RepositoryMethodInvoker.java:121)
	at org.springframework.data.repository.core.support.RepositoryComposition$RepositoryFragments.invoke(RepositoryComposition.java:529)
	at org.springframework.data.repository.core.support.RepositoryComposition.invoke(RepositoryComposition.java:285)
	at org.springframework.data.repository.core.support.RepositoryFactorySupport$ImplementationMethodExecutionInterceptor.invoke(RepositoryFactorySupport.java:638)
	at org.springframework.aop.framework.ReflectiveMethodInvocation.proceed(ReflectiveMethodInvocation.java:186)
	at org.springframework.data.repository.core.support.QueryExecutorMethodInterceptor.doInvoke(QueryExecutorMethodInterceptor.java:163)
	at org.springframework.data.repository.core.support.QueryExecutorMethodInterceptor.invoke(QueryExecutorMethodInterceptor.java:138)
	at org.springframework.aop.framework.ReflectiveMethodInvocation.proceed(ReflectiveMethodInvocation.java:186)
	at org.springframework.data.projection.DefaultMethodInvokingMethodInterceptor.invoke(DefaultMethodInvokingMethodInterceptor.java:80)
	at org.springframework.aop.framework.ReflectiveMethodInvocation.proceed(ReflectiveMethodInvocation.java:186)
	at org.springframework.transaction.interceptor.TransactionInterceptor$1.proceedWithInvocation(TransactionInterceptor.java:123)
	at org.springframework.transaction.interceptor.TransactionAspectSupport.invokeWithinTransaction(TransactionAspectSupport.java:388)
	at org.springframework.transaction.interceptor.TransactionInterceptor.invoke(TransactionInterceptor.java:119)
	at org.springframework.aop.framework.ReflectiveMethodInvocation.proceed(ReflectiveMethodInvocation.java:186)
	at org.springframework.dao.support.PersistenceExceptionTranslationInterceptor.invoke(PersistenceExceptionTranslationInterceptor.java:137)
	at org.springframework.aop.framework.ReflectiveMethodInvocation.proceed(ReflectiveMethodInvocation.java:186)
	at org.springframework.data.jpa.repository.support.CrudMethodMetadataPostProcessor$CrudMethodMetadataPopulatingMethodInterceptor.invoke(CrudMethodMetadataPostProcessor.java:174)
	at org.springframework.aop.framework.ReflectiveMethodInvocation.proceed(ReflectiveMethodInvocation.java:186)
	at org.springframework.aop.interceptor.ExposeInvocationInterceptor.invoke(ExposeInvocationInterceptor.java:97)
	at org.springframework.aop.framework.ReflectiveMethodInvocation.proceed(ReflectiveMethodInvocation.java:186)
	at org.springframework.aop.framework.JdkDynamicAopProxy.invoke(JdkDynamicAopProxy.java:215)
	at com.sun.proxy.$Proxy96.findById(Unknown Source)
	at hayk.abajyan.am.api.servise.impl.ProductServiceImpl.update(ProductServiceImpl.java:46)
	at hayk.abajyan.am.api.controller.ProductAdminController.updateProduct(ProductController.java:50)
	at sun.reflect.NativeMethodAccessorImpl.invoke0(Native Method)
	at sun.reflect.NativeMethodAccessorImpl.invoke(NativeMethodAccessorImpl.java:62)
	at sun.reflect.DelegatingMethodAccessorImpl.invoke(DelegatingMethodAccessorImpl.java:43)
	at java.lang.reflect.Method.invoke(Method.java:498)
	at org.springframework.web.method.support.InvocableHandlerMethod.doInvoke(InvocableHandlerMethod.java:205)
	at org.springframework.web.method.support.InvocableHandlerMethod.invokeForRequest(InvocableHandlerMethod.java:150)
	at org.springframework.web.servlet.mvc.method.annotation.ServletInvocableHandlerMethod.invokeAndHandle(ServletInvocableHandlerMethod.java:117)
	at org.springframework.web.servlet.mvc.method.annotation.RequestMappingHandlerAdapter.invokeHandlerMethod(RequestMappingHandlerAdapter.java:895)
	at org.springframework.web.servlet.mvc.method.annotation.RequestMappingHandlerAdapter.handleInternal(RequestMappingHandlerAdapter.java:808)
	at org.springframework.web.servlet.mvc.method.AbstractHandlerMethodAdapter.handle(AbstractHandlerMethodAdapter.java:87)
	at org.springframework.web.servlet.DispatcherServlet.doDispatch(DispatcherServlet.java:1067)
	at org.springframework.web.servlet.DispatcherServlet.doService(DispatcherServlet.java:963)
	at org.springframework.web.servlet.FrameworkServlet.processRequest(FrameworkServlet.java:1006)
	at org.springframework.web.servlet.FrameworkServlet.doPut(FrameworkServlet.java:920)
	at javax.servlet.http.HttpServlet.service(HttpServlet.java:684)
	at org.springframework.web.servlet.FrameworkServlet.service(FrameworkServlet.java:883)
	at javax.servlet.http.HttpServlet.service(HttpServlet.java:764)
	at org.apache.catalina.core.ApplicationFilterChain.internalDoFilter(ApplicationFilterChain.java:227)
	at org.apache.catalina.core.ApplicationFilterChain.doFilter(ApplicationFilterChain.java:162)
	at org.apache.tomcat.websocket.server.WsFilter.doFilter(WsFilter.java:53)
	at org.apache.catalina.core.ApplicationFilterChain.internalDoFilter(ApplicationFilterChain.java:189)
	at org.apache.catalina.core.ApplicationFilterChain.doFilter(ApplicationFilterChain.java:162)
	at org.springframework.web.filter.RequestContextFilter.doFilterInternal(RequestContextFilter.java:100)
	at org.springframework.web.filter.OncePerRequestFilter.doFilter(OncePerRequestFilter.java:117)
	at org.apache.catalina.core.ApplicationFilterChain.internalDoFilter(ApplicationFilterChain.java:189)
	at org.apache.catalina.core.ApplicationFilterChain.doFilter(ApplicationFilterChain.java:162)
	at org.springframework.web.filter.FormContentFilter.doFilterInternal(FormContentFilter.java:93)
	at org.springframework.web.filter.OncePerRequestFilter.doFilter(OncePerRequestFilter.java:117)
	at org.apache.catalina.core.ApplicationFilterChain.internalDoFilter(ApplicationFilterChain.java:189)
	at org.apache.catalina.core.ApplicationFilterChain.doFilter(ApplicationFilterChain.java:162)
	at org.springframework.web.filter.CharacterEncodingFilter.doFilterInternal(CharacterEncodingFilter.java:201)
	at org.springframework.web.filter.OncePerRequestFilter.doFilter(OncePerRequestFilter.java:117)
	at org.apache.catalina.core.ApplicationFilterChain.internalDoFilter(ApplicationFilterChain.java:189)
	at org.apache.catalina.core.ApplicationFilterChain.doFilter(ApplicationFilterChain.java:162)
	at org.apache.catalina.core.StandardWrapperValve.invoke(StandardWrapperValve.java:197)
	at org.apache.catalina.core.StandardContextValve.invoke(StandardContextValve.java:97)
	at org.apache.catalina.authenticator.AuthenticatorBase.invoke(AuthenticatorBase.java:540)
	at org.apache.catalina.core.StandardHostValve.invoke(StandardHostValve.java:135)
	at org.apache.catalina.valves.ErrorReportValve.invoke(ErrorReportValve.java:92)
	at org.apache.catalina.core.StandardEngineValve.invoke(StandardEngineValve.java:78)
	at org.apache.catalina.connector.CoyoteAdapter.service(CoyoteAdapter.java:357)
	at org.apache.coyote.http11.Http11Processor.service(Http11Processor.java:382)
	at org.apache.coyote.AbstractProcessorLight.process(AbstractProcessorLight.java:65)
	at org.apache.coyote.AbstractProtocol$ConnectionHandler.process(AbstractProtocol.java:895)
	at org.apache.tomcat.util.net.NioEndpoint$SocketProcessor.doRun(NioEndpoint.java:1732)
	at org.apache.tomcat.util.net.SocketProcessorBase.run(SocketProcessorBase.java:49)
	at org.apache.tomcat.util.threads.ThreadPoolExecutor.runWorker(ThreadPoolExecutor.java:1191)
	at org.apache.tomcat.util.threads.ThreadPoolExecutor$Worker.run(ThreadPoolExecutor.java:659)
	at org.apache.tomcat.util.threads.TaskThread$WrappingRunnable.run(TaskThread.java:61)
	at java.lang.Thread.run(Thread.java:748)
2022-02-21 23:22:04.354 INFO  o.s.o.j.LocalContainerEntityManagerFactoryBean - Closing JPA EntityManagerFactory for persistence unit 'default'
2022-02-21 23:22:04.356 INFO  com.zaxxer.hikari.HikariDataSource - HikariPool-1 - Shutdown initiated...
2022-02-21 23:22:04.374 INFO  com.zaxxer.hikari.HikariDataSource - HikariPool-1 - Shutdown completed.
2022-02-21 23:22:09.604 INFO  h.a.a.a.SpringProductManagerDemoApi - Starting SpringProductManagerDemoApi using Java 1.8.0_202 on EPAMYERW01D3 with PID 26732 (C:\Users\Hayk_Abajyan\Desktop\product-manager-demo-api\target\classes started by Hayk_Abajyan in C:\Users\Hayk_Abajyan\Desktop\product-manager-demo-api)
2022-02-21 23:22:09.608 INFO  h.a.a.a.SpringProductManagerDemoApi - No active profile set, falling back to default profiles: default
2022-02-21 23:22:10.496 INFO  o.s.d.r.c.RepositoryConfigurationDelegate - Bootstrapping Spring Data JPA repositories in DEFAULT mode.
2022-02-21 23:22:10.593 INFO  o.s.d.r.c.RepositoryConfigurationDelegate - Finished Spring Data repository scanning in 82 ms. Found 1 JPA repository interfaces.
2022-02-21 23:22:11.835 INFO  o.s.b.w.e.tomcat.TomcatWebServer - Tomcat initialized with port(s): 8081 (http)
2022-02-21 23:22:11.848 INFO  o.a.coyote.http11.Http11NioProtocol - Initializing ProtocolHandler ["http-nio-8081"]
2022-02-21 23:22:11.850 INFO  o.a.catalina.core.StandardService - Starting service [Tomcat]
2022-02-21 23:22:11.850 INFO  o.a.catalina.core.StandardEngine - Starting Servlet engine: [Apache Tomcat/9.0.56]
2022-02-21 23:22:11.968 INFO  o.a.c.c.C.[Tomcat].[localhost].[/] - Initializing Spring embedded WebApplicationContext
2022-02-21 23:22:11.968 INFO  o.s.b.w.s.c.ServletWebServerApplicationContext - Root WebApplicationContext: initialization completed in 2287 ms
2022-02-21 23:22:12.243 INFO  o.h.jpa.internal.util.LogHelper - HHH000204: Processing PersistenceUnitInfo [name: default]
2022-02-21 23:22:12.300 INFO  org.hibernate.Version - HHH000412: Hibernate ORM core version 5.6.3.Final
2022-02-21 23:22:12.599 INFO  o.h.annotations.common.Version - HCANN000001: Hibernate Commons Annotations {5.1.2.Final}
2022-02-21 23:22:12.797 INFO  com.zaxxer.hikari.HikariDataSource - HikariPool-1 - Starting...
2022-02-21 23:22:13.754 INFO  com.zaxxer.hikari.HikariDataSource - HikariPool-1 - Start completed.
2022-02-21 23:22:13.799 INFO  org.hibernate.dialect.Dialect - HHH000400: Using dialect: org.hibernate.dialect.PostgreSQL10Dialect
2022-02-21 23:22:14.636 INFO  o.h.e.t.j.p.i.JtaPlatformInitiator - HHH000490: Using JtaPlatform implementation: [org.hibernate.engine.transaction.jta.platform.internal.NoJtaPlatform]
2022-02-21 23:22:14.649 INFO  o.s.o.j.LocalContainerEntityManagerFactoryBean - Initialized JPA EntityManagerFactory for persistence unit 'default'
2022-02-21 23:22:15.030 WARN  o.s.b.a.o.j.JpaBaseConfiguration$JpaWebConfiguration - spring.jpa.open-in-view is enabled by default. Therefore, database queries may be performed during view rendering. Explicitly configure spring.jpa.open-in-view to disable this warning
2022-02-21 23:22:15.425 INFO  o.a.coyote.http11.Http11NioProtocol - Starting ProtocolHandler ["http-nio-8081"]
2022-02-21 23:22:15.457 INFO  o.s.b.w.e.tomcat.TomcatWebServer - Tomcat started on port(s): 8081 (http) with context path ''
2022-02-21 23:22:15.467 INFO  h.a.a.a.SpringProductManagerDemoApi - Started SpringProductManagerDemoApi in 6.392 seconds (JVM running for 7.044)
2022-02-21 23:22:49.826 INFO  o.a.c.c.C.[Tomcat].[localhost].[/] - Initializing Spring DispatcherServlet 'dispatcherServlet'
2022-02-21 23:22:49.826 INFO  o.s.web.servlet.DispatcherServlet - Initializing Servlet 'dispatcherServlet'
2022-02-21 23:22:49.826 INFO  o.s.web.servlet.DispatcherServlet - Completed initialization in 0 ms
2022-02-21 23:22:50.229 INFO  h.a.a.a.controller.ProductController - product successfully created.
2022-02-21 23:22:51.030 INFO  h.a.a.a.controller.ProductController - product successfully created.
2022-02-21 23:23:09.334 INFO  h.a.a.a.controller.ProductController - product successfully created.
2022-02-21 23:25:25.956 WARN  o.s.w.s.m.s.DefaultHandlerExceptionResolver - Resolved [org.springframework.web.HttpRequestMethodNotSupportedException: Request method 'PUT' not supported]
2022-02-21 23:25:34.622 ERROR h.a.a.a.s.impl.ProductServiceImpl - Error: invalid update data !
2022-02-21 23:25:34.623 ERROR h.a.a.a.controller.ProductController - invalid update data
2022-02-21 23:26:42.349 ERROR h.a.a.a.s.impl.ProductServiceImpl - Error: invalid update data !
2022-02-21 23:26:42.350 ERROR h.a.a.a.controller.ProductController - invalid update data
2022-02-21 23:27:56.664 INFO  o.s.o.j.LocalContainerEntityManagerFactoryBean - Closing JPA EntityManagerFactory for persistence unit 'default'
2022-02-21 23:27:56.667 INFO  com.zaxxer.hikari.HikariDataSource - HikariPool-1 - Shutdown initiated...
2022-02-21 23:27:56.678 INFO  com.zaxxer.hikari.HikariDataSource - HikariPool-1 - Shutdown completed.
2022-02-21 23:28:17.696 INFO  h.a.a.a.SpringProductManagerDemoApi - Starting SpringProductManagerDemoApi using Java 1.8.0_202 on EPAMYERW01D3 with PID 15192 (C:\Users\Hayk_Abajyan\Desktop\product-manager-demo-api\target\classes started by Hayk_Abajyan in C:\Users\Hayk_Abajyan\Desktop\product-manager-demo-api)
2022-02-21 23:28:17.701 INFO  h.a.a.a.SpringProductManagerDemoApi - No active profile set, falling back to default profiles: default
2022-02-21 23:28:18.560 INFO  o.s.d.r.c.RepositoryConfigurationDelegate - Bootstrapping Spring Data JPA repositories in DEFAULT mode.
2022-02-21 23:28:18.666 INFO  o.s.d.r.c.RepositoryConfigurationDelegate - Finished Spring Data repository scanning in 88 ms. Found 1 JPA repository interfaces.
2022-02-21 23:28:19.982 INFO  o.s.b.w.e.tomcat.TomcatWebServer - Tomcat initialized with port(s): 8081 (http)
2022-02-21 23:28:20.011 INFO  o.a.coyote.http11.Http11NioProtocol - Initializing ProtocolHandler ["http-nio-8081"]
2022-02-21 23:28:20.012 INFO  o.a.catalina.core.StandardService - Starting service [Tomcat]
2022-02-21 23:28:20.013 INFO  o.a.catalina.core.StandardEngine - Starting Servlet engine: [Apache Tomcat/9.0.56]
2022-02-21 23:28:20.142 INFO  o.a.c.c.C.[Tomcat].[localhost].[/] - Initializing Spring embedded WebApplicationContext
2022-02-21 23:28:20.142 INFO  o.s.b.w.s.c.ServletWebServerApplicationContext - Root WebApplicationContext: initialization completed in 2370 ms
2022-02-21 23:28:20.379 INFO  o.h.jpa.internal.util.LogHelper - HHH000204: Processing PersistenceUnitInfo [name: default]
2022-02-21 23:28:20.488 INFO  org.hibernate.Version - HHH000412: Hibernate ORM core version 5.6.3.Final
2022-02-21 23:28:20.739 INFO  o.h.annotations.common.Version - HCANN000001: Hibernate Commons Annotations {5.1.2.Final}
2022-02-21 23:28:20.872 INFO  com.zaxxer.hikari.HikariDataSource - HikariPool-1 - Starting...
2022-02-21 23:28:21.872 INFO  com.zaxxer.hikari.HikariDataSource - HikariPool-1 - Start completed.
2022-02-21 23:28:21.919 INFO  org.hibernate.dialect.Dialect - HHH000400: Using dialect: org.hibernate.dialect.PostgreSQL10Dialect
2022-02-21 23:28:22.823 INFO  o.h.e.t.j.p.i.JtaPlatformInitiator - HHH000490: Using JtaPlatform implementation: [org.hibernate.engine.transaction.jta.platform.internal.NoJtaPlatform]
2022-02-21 23:28:22.834 INFO  o.s.o.j.LocalContainerEntityManagerFactoryBean - Initialized JPA EntityManagerFactory for persistence unit 'default'
2022-02-21 23:28:23.255 WARN  o.s.b.a.o.j.JpaBaseConfiguration$JpaWebConfiguration - spring.jpa.open-in-view is enabled by default. Therefore, database queries may be performed during view rendering. Explicitly configure spring.jpa.open-in-view to disable this warning
2022-02-21 23:28:23.666 INFO  o.a.coyote.http11.Http11NioProtocol - Starting ProtocolHandler ["http-nio-8081"]
2022-02-21 23:28:23.697 INFO  o.s.b.w.e.tomcat.TomcatWebServer - Tomcat started on port(s): 8081 (http) with context path ''
2022-02-21 23:28:23.711 INFO  h.a.a.a.SpringProductManagerDemoApi - Started SpringProductManagerDemoApi in 6.491 seconds (JVM running for 7.276)
2022-02-21 23:29:02.212 INFO  o.a.c.c.C.[Tomcat].[localhost].[/] - Initializing Spring DispatcherServlet 'dispatcherServlet'
2022-02-21 23:29:02.213 INFO  o.s.web.servlet.DispatcherServlet - Initializing Servlet 'dispatcherServlet'
2022-02-21 23:29:02.223 INFO  o.s.web.servlet.DispatcherServlet - Completed initialization in 9 ms
2022-02-21 23:29:02.512 WARN  h.a.a.a.s.impl.ProductServiceImpl - product does not exist!!
2022-02-21 23:29:02.514 WARN  h.a.a.a.controller.ProductController - Warning - product with 3id can not found !
2022-02-21 23:29:14.706 INFO  h.a.a.a.controller.ProductController - product successfully created.
2022-02-21 23:29:23.215 INFO  h.a.a.a.controller.ProductController - product successfully created.
2022-02-21 23:30:12.341 INFO  h.a.a.a.s.impl.ProductServiceImpl - Product successfully updated.
2022-02-21 23:30:52.753 WARN  o.s.w.s.m.s.DefaultHandlerExceptionResolver - Resolved [org.springframework.web.HttpRequestMethodNotSupportedException: Request method 'DELETE' not supported]
2022-02-21 23:31:46.058 WARN  h.a.a.a.s.impl.ProductServiceImpl - Product prise can not be 0 !
2022-02-21 23:31:46.058 ERROR h.a.a.a.s.impl.ProductServiceImpl - Error: invalid update data !
2022-02-21 23:31:46.058 ERROR h.a.a.a.controller.ProductController - invalid update data
2022-02-21 23:34:42.694 WARN  h.a.a.a.s.impl.ProductServiceImpl - Product name can not be null or empty!
2022-02-21 23:34:42.694 ERROR h.a.a.a.s.impl.ProductServiceImpl - Error: invalid update data !
2022-02-21 23:34:42.694 ERROR h.a.a.a.controller.ProductController - invalid update data
2022-02-21 23:45:48.443 INFO  o.s.o.j.LocalContainerEntityManagerFactoryBean - Closing JPA EntityManagerFactory for persistence unit 'default'
2022-02-21 23:45:48.445 INFO  com.zaxxer.hikari.HikariDataSource - HikariPool-1 - Shutdown initiated...
2022-02-21 23:45:48.456 INFO  com.zaxxer.hikari.HikariDataSource - HikariPool-1 - Shutdown completed.
2022-02-21 23:48:46.007 ERROR o.s.b.d.LoggingFailureAnalysisReporter - 

***************************
APPLICATION FAILED TO START
***************************

Description:

An attempt was made to call a method that does not exist. The attempt was made from the following location:

    org.springframework.boot.SpringApplication.run(SpringApplication.java:300)

The following method did not exist:

    org.springframework.context.ConfigurableApplicationContext.setApplicationStartup(Lorg/springframework/core/metrics/ApplicationStartup;)V

The calling method's class, org.springframework.boot.SpringApplication, was loaded from the following location:

    jar:file:/C:/Users/Hayk_Abajyan/.m2/repository/org/springframework/boot/spring-boot/2.6.2/spring-boot-2.6.2.jar!/org/springframework/boot/SpringApplication.class

The called method's class, org.springframework.context.ConfigurableApplicationContext, is available from the following locations:

    jar:file:/C:/Users/Hayk_Abajyan/.m2/repository/org/springframework/spring-context/5.2.0.RELEASE/spring-context-5.2.0.RELEASE.jar!/org/springframework/context/ConfigurableApplicationContext.class

The called method's class hierarchy was loaded from the following locations:

    org.springframework.context.ConfigurableApplicationContext: file:/C:/Users/Hayk_Abajyan/.m2/repository/org/springframework/spring-context/5.2.0.RELEASE/spring-context-5.2.0.RELEASE.jar


Action:

Correct the classpath of your application so that it contains compatible versions of the classes org.springframework.boot.SpringApplication and org.springframework.context.ConfigurableApplicationContext

2022-02-21 23:50:07.375 ERROR o.s.b.d.LoggingFailureAnalysisReporter - 

***************************
APPLICATION FAILED TO START
***************************

Description:

An attempt was made to call a method that does not exist. The attempt was made from the following location:

    org.springframework.boot.SpringApplication.run(SpringApplication.java:300)

The following method did not exist:

    org.springframework.context.ConfigurableApplicationContext.setApplicationStartup(Lorg/springframework/core/metrics/ApplicationStartup;)V

The calling method's class, org.springframework.boot.SpringApplication, was loaded from the following location:

    jar:file:/C:/Users/Hayk_Abajyan/.m2/repository/org/springframework/boot/spring-boot/2.6.2/spring-boot-2.6.2.jar!/org/springframework/boot/SpringApplication.class

The called method's class, org.springframework.context.ConfigurableApplicationContext, is available from the following locations:

    jar:file:/C:/Users/Hayk_Abajyan/.m2/repository/org/springframework/spring-context/5.2.0.RELEASE/spring-context-5.2.0.RELEASE.jar!/org/springframework/context/ConfigurableApplicationContext.class

The called method's class hierarchy was loaded from the following locations:

    org.springframework.context.ConfigurableApplicationContext: file:/C:/Users/Hayk_Abajyan/.m2/repository/org/springframework/spring-context/5.2.0.RELEASE/spring-context-5.2.0.RELEASE.jar


Action:

Correct the classpath of your application so that it contains compatible versions of the classes org.springframework.boot.SpringApplication and org.springframework.context.ConfigurableApplicationContext

2022-02-21 23:52:29.829 ERROR o.s.b.d.LoggingFailureAnalysisReporter - 

***************************
APPLICATION FAILED TO START
***************************

Description:

An attempt was made to call a method that does not exist. The attempt was made from the following location:

    org.springframework.boot.SpringApplication.run(SpringApplication.java:300)

The following method did not exist:

    org.springframework.context.ConfigurableApplicationContext.setApplicationStartup(Lorg/springframework/core/metrics/ApplicationStartup;)V

The calling method's class, org.springframework.boot.SpringApplication, was loaded from the following location:

    jar:file:/C:/Users/Hayk_Abajyan/.m2/repository/org/springframework/boot/spring-boot/2.6.2/spring-boot-2.6.2.jar!/org/springframework/boot/SpringApplication.class

The called method's class, org.springframework.context.ConfigurableApplicationContext, is available from the following locations:

    jar:file:/C:/Users/Hayk_Abajyan/.m2/repository/org/springframework/spring-context/5.2.0.RELEASE/spring-context-5.2.0.RELEASE.jar!/org/springframework/context/ConfigurableApplicationContext.class

The called method's class hierarchy was loaded from the following locations:

    org.springframework.context.ConfigurableApplicationContext: file:/C:/Users/Hayk_Abajyan/.m2/repository/org/springframework/spring-context/5.2.0.RELEASE/spring-context-5.2.0.RELEASE.jar


Action:

Correct the classpath of your application so that it contains compatible versions of the classes org.springframework.boot.SpringApplication and org.springframework.context.ConfigurableApplicationContext

2022-02-21 23:53:27.327 ERROR o.s.b.d.LoggingFailureAnalysisReporter - 

***************************
APPLICATION FAILED TO START
***************************

Description:

An attempt was made to call a method that does not exist. The attempt was made from the following location:

    org.springframework.boot.SpringApplication.run(SpringApplication.java:300)

The following method did not exist:

    org.springframework.context.ConfigurableApplicationContext.setApplicationStartup(Lorg/springframework/core/metrics/ApplicationStartup;)V

The calling method's class, org.springframework.boot.SpringApplication, was loaded from the following location:

    jar:file:/C:/Users/Hayk_Abajyan/.m2/repository/org/springframework/boot/spring-boot/2.6.3/spring-boot-2.6.3.jar!/org/springframework/boot/SpringApplication.class

The called method's class, org.springframework.context.ConfigurableApplicationContext, is available from the following locations:

    jar:file:/C:/Users/Hayk_Abajyan/.m2/repository/org/springframework/spring-context/5.2.0.RELEASE/spring-context-5.2.0.RELEASE.jar!/org/springframework/context/ConfigurableApplicationContext.class

The called method's class hierarchy was loaded from the following locations:

    org.springframework.context.ConfigurableApplicationContext: file:/C:/Users/Hayk_Abajyan/.m2/repository/org/springframework/spring-context/5.2.0.RELEASE/spring-context-5.2.0.RELEASE.jar


Action:

Correct the classpath of your application so that it contains compatible versions of the classes org.springframework.boot.SpringApplication and org.springframework.context.ConfigurableApplicationContext

2022-02-21 23:55:36.122 INFO  h.a.a.a.SpringProductManagerDemoApi - Starting SpringProductManagerDemoApi using Java 1.8.0_202 on EPAMYERW01D3 with PID 32572 (C:\Users\Hayk_Abajyan\Desktop\product-manager-demo-api\target\classes started by Hayk_Abajyan in C:\Users\Hayk_Abajyan\Desktop\product-manager-demo-api)
2022-02-21 23:55:36.127 INFO  h.a.a.a.SpringProductManagerDemoApi - No active profile set, falling back to default profiles: default
2022-02-21 23:55:37.246 INFO  o.s.d.r.c.RepositoryConfigurationDelegate - Bootstrapping Spring Data JPA repositories in DEFAULT mode.
2022-02-21 23:55:37.346 INFO  o.s.d.r.c.RepositoryConfigurationDelegate - Finished Spring Data repository scanning in 86 ms. Found 1 JPA repository interfaces.
2022-02-21 23:55:38.495 INFO  o.s.b.w.e.tomcat.TomcatWebServer - Tomcat initialized with port(s): 8081 (http)
2022-02-21 23:55:38.509 INFO  o.a.coyote.http11.Http11NioProtocol - Initializing ProtocolHandler ["http-nio-8081"]
2022-02-21 23:55:38.510 INFO  o.a.catalina.core.StandardService - Starting service [Tomcat]
2022-02-21 23:55:38.511 INFO  o.a.catalina.core.StandardEngine - Starting Servlet engine: [Apache Tomcat/9.0.56]
2022-02-21 23:55:38.653 INFO  o.a.c.c.C.[Tomcat].[localhost].[/] - Initializing Spring embedded WebApplicationContext
2022-02-21 23:55:38.654 INFO  o.s.b.w.s.c.ServletWebServerApplicationContext - Root WebApplicationContext: initialization completed in 2456 ms
2022-02-21 23:55:39.011 INFO  o.h.jpa.internal.util.LogHelper - HHH000204: Processing PersistenceUnitInfo [name: default]
2022-02-21 23:55:39.085 INFO  org.hibernate.Version - HHH000412: Hibernate ORM core version 5.6.3.Final
2022-02-21 23:55:39.281 INFO  o.h.annotations.common.Version - HCANN000001: Hibernate Commons Annotations {5.1.2.Final}
2022-02-21 23:55:39.441 INFO  com.zaxxer.hikari.HikariDataSource - HikariPool-1 - Starting...
2022-02-21 23:55:40.308 INFO  com.zaxxer.hikari.HikariDataSource - HikariPool-1 - Start completed.
2022-02-21 23:55:40.346 INFO  org.hibernate.dialect.Dialect - HHH000400: Using dialect: org.hibernate.dialect.PostgreSQL10Dialect
2022-02-21 23:55:41.239 INFO  o.h.e.t.j.p.i.JtaPlatformInitiator - HHH000490: Using JtaPlatform implementation: [org.hibernate.engine.transaction.jta.platform.internal.NoJtaPlatform]
2022-02-21 23:55:41.262 INFO  o.s.o.j.LocalContainerEntityManagerFactoryBean - Initialized JPA EntityManagerFactory for persistence unit 'default'
2022-02-21 23:55:42.008 WARN  o.s.b.a.o.j.JpaBaseConfiguration$JpaWebConfiguration - spring.jpa.open-in-view is enabled by default. Therefore, database queries may be performed during view rendering. Explicitly configure spring.jpa.open-in-view to disable this warning
2022-02-21 23:55:42.228 INFO  s.d.s.w.PropertySourcedRequestMappingHandlerMapping - Mapped URL path [/v2/api-docs] onto method [springfox.documentation.swagger2.web.Swagger2Controller#getDocumentation(String, HttpServletRequest)]
2022-02-21 23:55:42.596 INFO  o.a.coyote.http11.Http11NioProtocol - Starting ProtocolHandler ["http-nio-8081"]
2022-02-21 23:55:42.801 INFO  o.s.b.w.e.tomcat.TomcatWebServer - Tomcat started on port(s): 8081 (http) with context path ''
2022-02-21 23:55:42.803 INFO  s.d.s.w.p.DocumentationPluginsBootstrapper - Context refreshed
2022-02-21 23:55:42.842 INFO  s.d.s.w.p.DocumentationPluginsBootstrapper - Found 1 custom documentation plugin(s)
2022-02-21 23:55:42.847 WARN  o.s.b.w.s.c.AnnotationConfigServletWebServerApplicationContext - Exception encountered during context initialization - cancelling refresh attempt: org.springframework.context.ApplicationContextException: Failed to start bean 'documentationPluginsBootstrapper'; nested exception is java.lang.NullPointerException
2022-02-21 23:55:42.851 INFO  o.s.o.j.LocalContainerEntityManagerFactoryBean - Closing JPA EntityManagerFactory for persistence unit 'default'
2022-02-21 23:55:42.852 INFO  com.zaxxer.hikari.HikariDataSource - HikariPool-1 - Shutdown initiated...
2022-02-21 23:55:42.864 INFO  com.zaxxer.hikari.HikariDataSource - HikariPool-1 - Shutdown completed.
2022-02-21 23:55:43.120 INFO  o.a.coyote.http11.Http11NioProtocol - Pausing ProtocolHandler ["http-nio-8081"]
2022-02-21 23:55:43.120 INFO  o.a.catalina.core.StandardService - Stopping service [Tomcat]
2022-02-21 23:55:43.125 INFO  o.a.coyote.http11.Http11NioProtocol - Stopping ProtocolHandler ["http-nio-8081"]
2022-02-21 23:55:43.126 INFO  o.a.coyote.http11.Http11NioProtocol - Destroying ProtocolHandler ["http-nio-8081"]
2022-02-21 23:55:43.138 INFO  o.s.b.a.l.ConditionEvaluationReportLoggingListener - 

Error starting ApplicationContext. To display the conditions report re-run your application with 'debug' enabled.
2022-02-21 23:55:43.163 ERROR o.s.boot.SpringApplication - Application run failed
org.springframework.context.ApplicationContextException: Failed to start bean 'documentationPluginsBootstrapper'; nested exception is java.lang.NullPointerException
	at org.springframework.context.support.DefaultLifecycleProcessor.doStart(DefaultLifecycleProcessor.java:181)
	at org.springframework.context.support.DefaultLifecycleProcessor.access$200(DefaultLifecycleProcessor.java:54)
	at org.springframework.context.support.DefaultLifecycleProcessor$LifecycleGroup.start(DefaultLifecycleProcessor.java:356)
	at java.lang.Iterable.forEach(Iterable.java:75)
	at org.springframework.context.support.DefaultLifecycleProcessor.startBeans(DefaultLifecycleProcessor.java:155)
	at org.springframework.context.support.DefaultLifecycleProcessor.onRefresh(DefaultLifecycleProcessor.java:123)
	at org.springframework.context.support.AbstractApplicationContext.finishRefresh(AbstractApplicationContext.java:935)
	at org.springframework.context.support.AbstractApplicationContext.refresh(AbstractApplicationContext.java:586)
	at org.springframework.boot.web.servlet.context.ServletWebServerApplicationContext.refresh(ServletWebServerApplicationContext.java:145)
	at org.springframework.boot.SpringApplication.refresh(SpringApplication.java:730)
	at org.springframework.boot.SpringApplication.refreshContext(SpringApplication.java:412)
	at org.springframework.boot.SpringApplication.run(SpringApplication.java:302)
	at org.springframework.boot.SpringApplication.run(SpringApplication.java:1301)
	at org.springframework.boot.SpringApplication.run(SpringApplication.java:1290)
	at hayk.abajyan.am.api.SpringProductManagerDemoApi.main(SpringProductManagerDemoApi.java:11)
Caused by: java.lang.NullPointerException: null
	at springfox.documentation.spi.service.contexts.Orderings$8.compare(Orderings.java:112)
	at springfox.documentation.spi.service.contexts.Orderings$8.compare(Orderings.java:109)
	at com.google.common.collect.ComparatorOrdering.compare(ComparatorOrdering.java:37)
	at java.util.TimSort.countRunAndMakeAscending(TimSort.java:355)
	at java.util.TimSort.sort(TimSort.java:220)
	at java.util.Arrays.sort(Arrays.java:1438)
	at com.google.common.collect.Ordering.sortedCopy(Ordering.java:855)
	at springfox.documentation.spring.web.plugins.WebMvcRequestHandlerProvider.requestHandlers(WebMvcRequestHandlerProvider.java:57)
	at springfox.documentation.spring.web.plugins.DocumentationPluginsBootstrapper$2.apply(DocumentationPluginsBootstrapper.java:138)
	at springfox.documentation.spring.web.plugins.DocumentationPluginsBootstrapper$2.apply(DocumentationPluginsBootstrapper.java:135)
	at com.google.common.collect.Iterators$7.transform(Iterators.java:750)
	at com.google.common.collect.TransformedIterator.next(TransformedIterator.java:47)
	at com.google.common.collect.TransformedIterator.next(TransformedIterator.java:47)
	at com.google.common.collect.MultitransformedIterator.hasNext(MultitransformedIterator.java:52)
	at com.google.common.collect.MultitransformedIterator.hasNext(MultitransformedIterator.java:50)
	at com.google.common.collect.ImmutableList.copyOf(ImmutableList.java:249)
	at com.google.common.collect.ImmutableList.copyOf(ImmutableList.java:209)
	at com.google.common.collect.FluentIterable.toList(FluentIterable.java:614)
	at springfox.documentation.spring.web.plugins.DocumentationPluginsBootstrapper.defaultContextBuilder(DocumentationPluginsBootstrapper.java:111)
	at springfox.documentation.spring.web.plugins.DocumentationPluginsBootstrapper.buildContext(DocumentationPluginsBootstrapper.java:96)
	at springfox.documentation.spring.web.plugins.DocumentationPluginsBootstrapper.start(DocumentationPluginsBootstrapper.java:167)
	at org.springframework.context.support.DefaultLifecycleProcessor.doStart(DefaultLifecycleProcessor.java:178)
	... 14 common frames omitted
2022-02-21 23:57:25.642 INFO  h.a.a.a.SpringProductManagerDemoApi - Starting SpringProductManagerDemoApi using Java 1.8.0_202 on EPAMYERW01D3 with PID 31136 (C:\Users\Hayk_Abajyan\Desktop\product-manager-demo-api\target\classes started by Hayk_Abajyan in C:\Users\Hayk_Abajyan\Desktop\product-manager-demo-api)
2022-02-21 23:57:25.645 INFO  h.a.a.a.SpringProductManagerDemoApi - No active profile set, falling back to default profiles: default
2022-02-21 23:57:26.863 INFO  o.s.d.r.c.RepositoryConfigurationDelegate - Bootstrapping Spring Data JPA repositories in DEFAULT mode.
2022-02-21 23:57:26.966 INFO  o.s.d.r.c.RepositoryConfigurationDelegate - Finished Spring Data repository scanning in 89 ms. Found 1 JPA repository interfaces.
2022-02-21 23:57:28.140 INFO  o.s.b.w.e.tomcat.TomcatWebServer - Tomcat initialized with port(s): 8081 (http)
2022-02-21 23:57:28.155 INFO  o.a.coyote.http11.Http11NioProtocol - Initializing ProtocolHandler ["http-nio-8081"]
2022-02-21 23:57:28.156 INFO  o.a.catalina.core.StandardService - Starting service [Tomcat]
2022-02-21 23:57:28.156 INFO  o.a.catalina.core.StandardEngine - Starting Servlet engine: [Apache Tomcat/9.0.56]
2022-02-21 23:57:28.272 INFO  o.a.c.c.C.[Tomcat].[localhost].[/] - Initializing Spring embedded WebApplicationContext
2022-02-21 23:57:28.272 INFO  o.s.b.w.s.c.ServletWebServerApplicationContext - Root WebApplicationContext: initialization completed in 2558 ms
2022-02-21 23:57:28.571 INFO  o.h.jpa.internal.util.LogHelper - HHH000204: Processing PersistenceUnitInfo [name: default]
2022-02-21 23:57:28.716 INFO  org.hibernate.Version - HHH000412: Hibernate ORM core version 5.6.4.Final
2022-02-21 23:57:29.208 INFO  o.h.annotations.common.Version - HCANN000001: Hibernate Commons Annotations {5.1.2.Final}
2022-02-21 23:57:29.435 INFO  com.zaxxer.hikari.HikariDataSource - HikariPool-1 - Starting...
2022-02-21 23:57:30.113 INFO  com.zaxxer.hikari.HikariDataSource - HikariPool-1 - Start completed.
2022-02-21 23:57:30.172 INFO  org.hibernate.dialect.Dialect - HHH000400: Using dialect: org.hibernate.dialect.PostgreSQL10Dialect
2022-02-21 23:57:31.358 INFO  o.h.e.t.j.p.i.JtaPlatformInitiator - HHH000490: Using JtaPlatform implementation: [org.hibernate.engine.transaction.jta.platform.internal.NoJtaPlatform]
2022-02-21 23:57:31.368 INFO  o.s.o.j.LocalContainerEntityManagerFactoryBean - Initialized JPA EntityManagerFactory for persistence unit 'default'
2022-02-21 23:57:32.058 WARN  o.s.b.a.o.j.JpaBaseConfiguration$JpaWebConfiguration - spring.jpa.open-in-view is enabled by default. Therefore, database queries may be performed during view rendering. Explicitly configure spring.jpa.open-in-view to disable this warning
2022-02-21 23:57:32.276 INFO  s.d.s.w.PropertySourcedRequestMappingHandlerMapping - Mapped URL path [/v2/api-docs] onto method [springfox.documentation.swagger2.web.Swagger2Controller#getDocumentation(String, HttpServletRequest)]
2022-02-21 23:57:32.659 INFO  o.a.coyote.http11.Http11NioProtocol - Starting ProtocolHandler ["http-nio-8081"]
2022-02-21 23:57:32.825 INFO  o.s.b.w.e.tomcat.TomcatWebServer - Tomcat started on port(s): 8081 (http) with context path ''
2022-02-21 23:57:32.826 INFO  s.d.s.w.p.DocumentationPluginsBootstrapper - Context refreshed
2022-02-21 23:57:32.858 INFO  s.d.s.w.p.DocumentationPluginsBootstrapper - Found 1 custom documentation plugin(s)
2022-02-21 23:57:32.863 WARN  o.s.b.w.s.c.AnnotationConfigServletWebServerApplicationContext - Exception encountered during context initialization - cancelling refresh attempt: org.springframework.context.ApplicationContextException: Failed to start bean 'documentationPluginsBootstrapper'; nested exception is java.lang.NullPointerException
2022-02-21 23:57:32.867 INFO  o.s.o.j.LocalContainerEntityManagerFactoryBean - Closing JPA EntityManagerFactory for persistence unit 'default'
2022-02-21 23:57:32.869 INFO  com.zaxxer.hikari.HikariDataSource - HikariPool-1 - Shutdown initiated...
2022-02-21 23:57:32.886 INFO  com.zaxxer.hikari.HikariDataSource - HikariPool-1 - Shutdown completed.
2022-02-21 23:57:33.178 INFO  o.a.coyote.http11.Http11NioProtocol - Pausing ProtocolHandler ["http-nio-8081"]
2022-02-21 23:57:33.178 INFO  o.a.catalina.core.StandardService - Stopping service [Tomcat]
2022-02-21 23:57:33.184 INFO  o.a.coyote.http11.Http11NioProtocol - Stopping ProtocolHandler ["http-nio-8081"]
2022-02-21 23:57:33.187 INFO  o.a.coyote.http11.Http11NioProtocol - Destroying ProtocolHandler ["http-nio-8081"]
2022-02-21 23:57:33.197 INFO  o.s.b.a.l.ConditionEvaluationReportLoggingListener - 

Error starting ApplicationContext. To display the conditions report re-run your application with 'debug' enabled.
2022-02-21 23:57:33.221 ERROR o.s.boot.SpringApplication - Application run failed
org.springframework.context.ApplicationContextException: Failed to start bean 'documentationPluginsBootstrapper'; nested exception is java.lang.NullPointerException
	at org.springframework.context.support.DefaultLifecycleProcessor.doStart(DefaultLifecycleProcessor.java:181)
	at org.springframework.context.support.DefaultLifecycleProcessor.access$200(DefaultLifecycleProcessor.java:54)
	at org.springframework.context.support.DefaultLifecycleProcessor$LifecycleGroup.start(DefaultLifecycleProcessor.java:356)
	at java.lang.Iterable.forEach(Iterable.java:75)
	at org.springframework.context.support.DefaultLifecycleProcessor.startBeans(DefaultLifecycleProcessor.java:155)
	at org.springframework.context.support.DefaultLifecycleProcessor.onRefresh(DefaultLifecycleProcessor.java:123)
	at org.springframework.context.support.AbstractApplicationContext.finishRefresh(AbstractApplicationContext.java:935)
	at org.springframework.context.support.AbstractApplicationContext.refresh(AbstractApplicationContext.java:586)
	at org.springframework.boot.web.servlet.context.ServletWebServerApplicationContext.refresh(ServletWebServerApplicationContext.java:145)
	at org.springframework.boot.SpringApplication.refresh(SpringApplication.java:732)
	at org.springframework.boot.SpringApplication.refreshContext(SpringApplication.java:414)
	at org.springframework.boot.SpringApplication.run(SpringApplication.java:302)
	at org.springframework.boot.SpringApplication.run(SpringApplication.java:1303)
	at org.springframework.boot.SpringApplication.run(SpringApplication.java:1292)
	at hayk.abajyan.am.api.SpringProductManagerDemoApi.main(SpringProductManagerDemoApi.java:11)
Caused by: java.lang.NullPointerException: null
	at springfox.documentation.spi.service.contexts.Orderings$8.compare(Orderings.java:112)
	at springfox.documentation.spi.service.contexts.Orderings$8.compare(Orderings.java:109)
	at com.google.common.collect.ComparatorOrdering.compare(ComparatorOrdering.java:37)
	at java.util.TimSort.countRunAndMakeAscending(TimSort.java:355)
	at java.util.TimSort.sort(TimSort.java:220)
	at java.util.Arrays.sort(Arrays.java:1438)
	at com.google.common.collect.Ordering.sortedCopy(Ordering.java:855)
	at springfox.documentation.spring.web.plugins.WebMvcRequestHandlerProvider.requestHandlers(WebMvcRequestHandlerProvider.java:57)
	at springfox.documentation.spring.web.plugins.DocumentationPluginsBootstrapper$2.apply(DocumentationPluginsBootstrapper.java:138)
	at springfox.documentation.spring.web.plugins.DocumentationPluginsBootstrapper$2.apply(DocumentationPluginsBootstrapper.java:135)
	at com.google.common.collect.Iterators$7.transform(Iterators.java:750)
	at com.google.common.collect.TransformedIterator.next(TransformedIterator.java:47)
	at com.google.common.collect.TransformedIterator.next(TransformedIterator.java:47)
	at com.google.common.collect.MultitransformedIterator.hasNext(MultitransformedIterator.java:52)
	at com.google.common.collect.MultitransformedIterator.hasNext(MultitransformedIterator.java:50)
	at com.google.common.collect.ImmutableList.copyOf(ImmutableList.java:249)
	at com.google.common.collect.ImmutableList.copyOf(ImmutableList.java:209)
	at com.google.common.collect.FluentIterable.toList(FluentIterable.java:614)
	at springfox.documentation.spring.web.plugins.DocumentationPluginsBootstrapper.defaultContextBuilder(DocumentationPluginsBootstrapper.java:111)
	at springfox.documentation.spring.web.plugins.DocumentationPluginsBootstrapper.buildContext(DocumentationPluginsBootstrapper.java:96)
	at springfox.documentation.spring.web.plugins.DocumentationPluginsBootstrapper.start(DocumentationPluginsBootstrapper.java:167)
	at org.springframework.context.support.DefaultLifecycleProcessor.doStart(DefaultLifecycleProcessor.java:178)
	... 14 common frames omitted
2022-02-21 23:58:54.109 INFO  h.a.a.a.SpringProductManagerDemoApi - Starting SpringProductManagerDemoApi using Java 1.8.0_202 on EPAMYERW01D3 with PID 33684 (C:\Users\Hayk_Abajyan\Desktop\product-manager-demo-api\target\classes started by Hayk_Abajyan in C:\Users\Hayk_Abajyan\Desktop\product-manager-demo-api)
2022-02-21 23:58:54.114 INFO  h.a.a.a.SpringProductManagerDemoApi - No active profile set, falling back to default profiles: default
2022-02-21 23:58:55.369 INFO  o.s.d.r.c.RepositoryConfigurationDelegate - Bootstrapping Spring Data JPA repositories in DEFAULT mode.
2022-02-21 23:58:55.457 INFO  o.s.d.r.c.RepositoryConfigurationDelegate - Finished Spring Data repository scanning in 75 ms. Found 1 JPA repository interfaces.
2022-02-21 23:58:56.519 INFO  o.s.b.w.e.tomcat.TomcatWebServer - Tomcat initialized with port(s): 8081 (http)
2022-02-21 23:58:56.544 INFO  o.a.coyote.http11.Http11NioProtocol - Initializing ProtocolHandler ["http-nio-8081"]
2022-02-21 23:58:56.545 INFO  o.a.catalina.core.StandardService - Starting service [Tomcat]
2022-02-21 23:58:56.546 INFO  o.a.catalina.core.StandardEngine - Starting Servlet engine: [Apache Tomcat/9.0.55]
2022-02-21 23:58:56.663 INFO  o.a.c.c.C.[Tomcat].[localhost].[/] - Initializing Spring embedded WebApplicationContext
2022-02-21 23:58:56.663 INFO  o.s.b.w.s.c.ServletWebServerApplicationContext - Root WebApplicationContext: initialization completed in 2478 ms
2022-02-21 23:58:56.973 INFO  o.h.jpa.internal.util.LogHelper - HHH000204: Processing PersistenceUnitInfo [name: default]
2022-02-21 23:58:57.126 INFO  org.hibernate.Version - HHH000412: Hibernate ORM core version 5.4.32.Final
2022-02-21 23:58:57.348 INFO  o.h.annotations.common.Version - HCANN000001: Hibernate Commons Annotations {5.1.2.Final}
2022-02-21 23:58:57.511 INFO  com.zaxxer.hikari.HikariDataSource - HikariPool-1 - Starting...
2022-02-21 23:58:58.189 INFO  com.zaxxer.hikari.HikariDataSource - HikariPool-1 - Start completed.
2022-02-21 23:58:58.245 INFO  org.hibernate.dialect.Dialect - HHH000400: Using dialect: org.hibernate.dialect.PostgreSQL10Dialect
2022-02-21 23:58:59.432 INFO  o.h.e.t.j.p.i.JtaPlatformInitiator - HHH000490: Using JtaPlatform implementation: [org.hibernate.engine.transaction.jta.platform.internal.NoJtaPlatform]
2022-02-21 23:58:59.451 INFO  o.s.o.j.LocalContainerEntityManagerFactoryBean - Initialized JPA EntityManagerFactory for persistence unit 'default'
2022-02-21 23:59:00.144 WARN  o.s.b.a.o.j.JpaBaseConfiguration$JpaWebConfiguration - spring.jpa.open-in-view is enabled by default. Therefore, database queries may be performed during view rendering. Explicitly configure spring.jpa.open-in-view to disable this warning
2022-02-21 23:59:00.381 INFO  s.d.s.w.PropertySourcedRequestMappingHandlerMapping - Mapped URL path [/v2/api-docs] onto method [springfox.documentation.swagger2.web.Swagger2Controller#getDocumentation(String, HttpServletRequest)]
2022-02-21 23:59:00.717 INFO  o.a.coyote.http11.Http11NioProtocol - Starting ProtocolHandler ["http-nio-8081"]
2022-02-21 23:59:00.751 INFO  o.s.b.w.e.tomcat.TomcatWebServer - Tomcat started on port(s): 8081 (http) with context path ''
2022-02-21 23:59:00.753 INFO  s.d.s.w.p.DocumentationPluginsBootstrapper - Context refreshed
2022-02-21 23:59:00.925 INFO  s.d.s.w.p.DocumentationPluginsBootstrapper - Found 1 custom documentation plugin(s)
2022-02-21 23:59:00.975 INFO  s.d.s.w.s.ApiListingReferenceScanner - Scanning for api listing references
2022-02-21 23:59:01.017 WARN  o.s.b.w.s.c.AnnotationConfigServletWebServerApplicationContext - Exception encountered during context initialization - cancelling refresh attempt: org.springframework.context.ApplicationContextException: Failed to start bean 'documentationPluginsBootstrapper'; nested exception is com.google.common.util.concurrent.ExecutionError: com.google.common.util.concurrent.ExecutionError: java.lang.NoClassDefFoundError: com/fasterxml/jackson/annotation/JsonKey
2022-02-21 23:59:01.020 INFO  o.s.o.j.LocalContainerEntityManagerFactoryBean - Closing JPA EntityManagerFactory for persistence unit 'default'
2022-02-21 23:59:01.023 INFO  com.zaxxer.hikari.HikariDataSource - HikariPool-1 - Shutdown initiated...
2022-02-21 23:59:01.034 INFO  com.zaxxer.hikari.HikariDataSource - HikariPool-1 - Shutdown completed.
2022-02-21 23:59:01.300 INFO  o.a.coyote.http11.Http11NioProtocol - Pausing ProtocolHandler ["http-nio-8081"]
2022-02-21 23:59:01.300 INFO  o.a.catalina.core.StandardService - Stopping service [Tomcat]
2022-02-21 23:59:01.306 INFO  o.a.coyote.http11.Http11NioProtocol - Stopping ProtocolHandler ["http-nio-8081"]
2022-02-21 23:59:01.308 INFO  o.a.coyote.http11.Http11NioProtocol - Destroying ProtocolHandler ["http-nio-8081"]
2022-02-21 23:59:01.316 INFO  o.s.b.a.l.ConditionEvaluationReportLoggingListener - 

Error starting ApplicationContext. To display the conditions report re-run your application with 'debug' enabled.
2022-02-21 23:59:01.339 ERROR o.s.boot.SpringApplication - Application run failed
org.springframework.context.ApplicationContextException: Failed to start bean 'documentationPluginsBootstrapper'; nested exception is com.google.common.util.concurrent.ExecutionError: com.google.common.util.concurrent.ExecutionError: java.lang.NoClassDefFoundError: com/fasterxml/jackson/annotation/JsonKey
	at org.springframework.context.support.DefaultLifecycleProcessor.doStart(DefaultLifecycleProcessor.java:181)
	at org.springframework.context.support.DefaultLifecycleProcessor.access$200(DefaultLifecycleProcessor.java:54)
	at org.springframework.context.support.DefaultLifecycleProcessor$LifecycleGroup.start(DefaultLifecycleProcessor.java:356)
	at java.lang.Iterable.forEach(Iterable.java:75)
	at org.springframework.context.support.DefaultLifecycleProcessor.startBeans(DefaultLifecycleProcessor.java:155)
	at org.springframework.context.support.DefaultLifecycleProcessor.onRefresh(DefaultLifecycleProcessor.java:123)
	at org.springframework.context.support.AbstractApplicationContext.finishRefresh(AbstractApplicationContext.java:935)
	at org.springframework.context.support.AbstractApplicationContext.refresh(AbstractApplicationContext.java:586)
	at org.springframework.boot.web.servlet.context.ServletWebServerApplicationContext.refresh(ServletWebServerApplicationContext.java:145)
	at org.springframework.boot.SpringApplication.refresh(SpringApplication.java:765)
	at org.springframework.boot.SpringApplication.refreshContext(SpringApplication.java:445)
	at org.springframework.boot.SpringApplication.run(SpringApplication.java:338)
	at org.springframework.boot.SpringApplication.run(SpringApplication.java:1354)
	at org.springframework.boot.SpringApplication.run(SpringApplication.java:1343)
	at hayk.abajyan.am.api.SpringProductManagerDemoApi.main(SpringProductManagerDemoApi.java:11)
Caused by: com.google.common.util.concurrent.ExecutionError: com.google.common.util.concurrent.ExecutionError: java.lang.NoClassDefFoundError: com/fasterxml/jackson/annotation/JsonKey
	at com.google.common.cache.LocalCache$Segment.get(LocalCache.java:2212)
	at com.google.common.cache.LocalCache.get(LocalCache.java:4053)
	at com.google.common.cache.LocalCache.getOrLoad(LocalCache.java:4057)
	at com.google.common.cache.LocalCache$LocalLoadingCache.get(LocalCache.java:4986)
	at springfox.documentation.schema.CachingModelProvider.modelFor(CachingModelProvider.java:59)
	at springfox.documentation.spring.web.scanners.ApiModelReader.read(ApiModelReader.java:69)
	at springfox.documentation.spring.web.scanners.ApiListingScanner.scan(ApiListingScanner.java:133)
	at springfox.documentation.spring.web.scanners.ApiDocumentationScanner.scan(ApiDocumentationScanner.java:71)
	at springfox.documentation.spring.web.plugins.DocumentationPluginsBootstrapper.scanDocumentation(DocumentationPluginsBootstrapper.java:101)
	at springfox.documentation.spring.web.plugins.DocumentationPluginsBootstrapper.start(DocumentationPluginsBootstrapper.java:167)
	at org.springframework.context.support.DefaultLifecycleProcessor.doStart(DefaultLifecycleProcessor.java:178)
	... 14 common frames omitted
Caused by: com.google.common.util.concurrent.ExecutionError: java.lang.NoClassDefFoundError: com/fasterxml/jackson/annotation/JsonKey
	at com.google.common.cache.LocalCache$Segment.get(LocalCache.java:2212)
	at com.google.common.cache.LocalCache.get(LocalCache.java:4053)
	at com.google.common.cache.LocalCache.getOrLoad(LocalCache.java:4057)
	at com.google.common.cache.LocalCache$LocalLoadingCache.get(LocalCache.java:4986)
	at springfox.documentation.schema.property.CachingModelPropertiesProvider.propertiesFor(CachingModelPropertiesProvider.java:64)
	at springfox.documentation.schema.DefaultModelProvider.properties(DefaultModelProvider.java:166)
	at springfox.documentation.schema.DefaultModelProvider.reflectionBasedModel(DefaultModelProvider.java:100)
	at springfox.documentation.schema.DefaultModelProvider.modelFor(DefaultModelProvider.java:95)
	at springfox.documentation.schema.CachingModelProvider$1.load(CachingModelProvider.java:51)
	at springfox.documentation.schema.CachingModelProvider$1.load(CachingModelProvider.java:49)
	at com.google.common.cache.LocalCache$LoadingValueReference.loadFuture(LocalCache.java:3628)
	at com.google.common.cache.LocalCache$Segment.loadSync(LocalCache.java:2336)
	at com.google.common.cache.LocalCache$Segment.lockedGetOrLoad(LocalCache.java:2295)
	at com.google.common.cache.LocalCache$Segment.get(LocalCache.java:2208)
	... 24 common frames omitted
Caused by: java.lang.NoClassDefFoundError: com/fasterxml/jackson/annotation/JsonKey
	at com.fasterxml.jackson.databind.introspect.JacksonAnnotationIntrospector.hasAsKey(JacksonAnnotationIntrospector.java:1080)
	at com.fasterxml.jackson.databind.introspect.AnnotationIntrospectorPair.hasAsKey(AnnotationIntrospectorPair.java:619)
	at com.fasterxml.jackson.databind.introspect.POJOPropertiesCollector._addFields(POJOPropertiesCollector.java:495)
	at com.fasterxml.jackson.databind.introspect.POJOPropertiesCollector.collectAll(POJOPropertiesCollector.java:421)
	at com.fasterxml.jackson.databind.introspect.POJOPropertiesCollector.getPropertyMap(POJOPropertiesCollector.java:386)
	at com.fasterxml.jackson.databind.introspect.POJOPropertiesCollector.getProperties(POJOPropertiesCollector.java:233)
	at com.fasterxml.jackson.databind.introspect.BasicBeanDescription._properties(BasicBeanDescription.java:164)
	at com.fasterxml.jackson.databind.introspect.BasicBeanDescription.findProperties(BasicBeanDescription.java:239)
	at springfox.documentation.schema.property.OptimizedModelPropertiesProvider.propertiesFor(OptimizedModelPropertiesProvider.java:124)
	at springfox.documentation.schema.property.OptimizedModelPropertiesProvider.propertiesFor(OptimizedModelPropertiesProvider.java:118)
	at springfox.documentation.schema.property.CachingModelPropertiesProvider$1.load(CachingModelPropertiesProvider.java:56)
	at springfox.documentation.schema.property.CachingModelPropertiesProvider$1.load(CachingModelPropertiesProvider.java:54)
	at com.google.common.cache.LocalCache$LoadingValueReference.loadFuture(LocalCache.java:3628)
	at com.google.common.cache.LocalCache$Segment.loadSync(LocalCache.java:2336)
	at com.google.common.cache.LocalCache$Segment.lockedGetOrLoad(LocalCache.java:2295)
	at com.google.common.cache.LocalCache$Segment.get(LocalCache.java:2208)
	... 37 common frames omitted
Caused by: java.lang.ClassNotFoundException: com.fasterxml.jackson.annotation.JsonKey
	at java.net.URLClassLoader.findClass(URLClassLoader.java:382)
	at java.lang.ClassLoader.loadClass(ClassLoader.java:424)
	at sun.misc.Launcher$AppClassLoader.loadClass(Launcher.java:349)
	at java.lang.ClassLoader.loadClass(ClassLoader.java:357)
	... 53 common frames omitted
2022-02-21 23:59:43.258 INFO  h.a.a.a.SpringProductManagerDemoApi - Starting SpringProductManagerDemoApi using Java 1.8.0_202 on EPAMYERW01D3 with PID 5204 (C:\Users\Hayk_Abajyan\Desktop\product-manager-demo-api\target\classes started by Hayk_Abajyan in C:\Users\Hayk_Abajyan\Desktop\product-manager-demo-api)
2022-02-21 23:59:43.262 INFO  h.a.a.a.SpringProductManagerDemoApi - No active profile set, falling back to default profiles: default
2022-02-21 23:59:45.032 INFO  o.s.d.r.c.RepositoryConfigurationDelegate - Bootstrapping Spring Data JPA repositories in DEFAULT mode.
2022-02-21 23:59:45.176 INFO  o.s.d.r.c.RepositoryConfigurationDelegate - Finished Spring Data repository scanning in 122 ms. Found 1 JPA repository interfaces.
2022-02-21 23:59:46.244 INFO  o.s.b.w.e.tomcat.TomcatWebServer - Tomcat initialized with port(s): 8081 (http)
2022-02-21 23:59:46.257 INFO  o.a.coyote.http11.Http11NioProtocol - Initializing ProtocolHandler ["http-nio-8081"]
2022-02-21 23:59:46.258 INFO  o.a.catalina.core.StandardService - Starting service [Tomcat]
2022-02-21 23:59:46.258 INFO  o.a.catalina.core.StandardEngine - Starting Servlet engine: [Apache Tomcat/9.0.56]
2022-02-21 23:59:46.497 INFO  o.a.c.c.C.[Tomcat].[localhost].[/] - Initializing Spring embedded WebApplicationContext
2022-02-21 23:59:46.497 INFO  o.s.b.w.s.c.ServletWebServerApplicationContext - Root WebApplicationContext: initialization completed in 3105 ms
2022-02-21 23:59:46.824 INFO  o.h.jpa.internal.util.LogHelper - HHH000204: Processing PersistenceUnitInfo [name: default]
2022-02-21 23:59:46.906 INFO  org.hibernate.Version - HHH000412: Hibernate ORM core version 5.4.33
2022-02-21 23:59:47.131 INFO  o.h.annotations.common.Version - HCANN000001: Hibernate Commons Annotations {5.1.2.Final}
2022-02-21 23:59:47.253 INFO  com.zaxxer.hikari.HikariDataSource - HikariPool-1 - Starting...
2022-02-21 23:59:48.009 INFO  com.zaxxer.hikari.HikariDataSource - HikariPool-1 - Start completed.
2022-02-21 23:59:48.048 INFO  org.hibernate.dialect.Dialect - HHH000400: Using dialect: org.hibernate.dialect.PostgreSQL10Dialect
2022-02-21 23:59:48.860 INFO  o.h.e.t.j.p.i.JtaPlatformInitiator - HHH000490: Using JtaPlatform implementation: [org.hibernate.engine.transaction.jta.platform.internal.NoJtaPlatform]
2022-02-21 23:59:48.870 INFO  o.s.o.j.LocalContainerEntityManagerFactoryBean - Initialized JPA EntityManagerFactory for persistence unit 'default'
2022-02-21 23:59:49.475 WARN  o.s.b.a.o.j.JpaBaseConfiguration$JpaWebConfiguration - spring.jpa.open-in-view is enabled by default. Therefore, database queries may be performed during view rendering. Explicitly configure spring.jpa.open-in-view to disable this warning
2022-02-21 23:59:49.650 INFO  s.d.s.w.PropertySourcedRequestMappingHandlerMapping - Mapped URL path [/v2/api-docs] onto method [springfox.documentation.swagger2.web.Swagger2Controller#getDocumentation(String, HttpServletRequest)]
2022-02-21 23:59:50.005 INFO  o.a.coyote.http11.Http11NioProtocol - Starting ProtocolHandler ["http-nio-8081"]
2022-02-21 23:59:50.214 INFO  o.s.b.w.e.tomcat.TomcatWebServer - Tomcat started on port(s): 8081 (http) with context path ''
2022-02-21 23:59:50.216 INFO  s.d.s.w.p.DocumentationPluginsBootstrapper - Context refreshed
2022-02-21 23:59:50.246 INFO  s.d.s.w.p.DocumentationPluginsBootstrapper - Found 1 custom documentation plugin(s)
2022-02-21 23:59:50.295 INFO  s.d.s.w.s.ApiListingReferenceScanner - Scanning for api listing references
2022-02-21 23:59:50.332 WARN  o.s.b.w.s.c.AnnotationConfigServletWebServerApplicationContext - Exception encountered during context initialization - cancelling refresh attempt: org.springframework.context.ApplicationContextException: Failed to start bean 'documentationPluginsBootstrapper'; nested exception is com.google.common.util.concurrent.ExecutionError: com.google.common.util.concurrent.ExecutionError: java.lang.NoClassDefFoundError: com/fasterxml/jackson/annotation/JsonKey
2022-02-21 23:59:50.336 INFO  o.s.o.j.LocalContainerEntityManagerFactoryBean - Closing JPA EntityManagerFactory for persistence unit 'default'
2022-02-21 23:59:50.339 INFO  com.zaxxer.hikari.HikariDataSource - HikariPool-1 - Shutdown initiated...
2022-02-21 23:59:50.357 INFO  com.zaxxer.hikari.HikariDataSource - HikariPool-1 - Shutdown completed.
2022-02-21 23:59:50.589 INFO  o.a.coyote.http11.Http11NioProtocol - Pausing ProtocolHandler ["http-nio-8081"]
2022-02-21 23:59:50.589 INFO  o.a.catalina.core.StandardService - Stopping service [Tomcat]
2022-02-21 23:59:50.593 INFO  o.a.coyote.http11.Http11NioProtocol - Stopping ProtocolHandler ["http-nio-8081"]
2022-02-21 23:59:50.595 INFO  o.a.coyote.http11.Http11NioProtocol - Destroying ProtocolHandler ["http-nio-8081"]
2022-02-21 23:59:50.606 INFO  o.s.b.a.l.ConditionEvaluationReportLoggingListener - 

Error starting ApplicationContext. To display the conditions report re-run your application with 'debug' enabled.
2022-02-21 23:59:50.639 ERROR o.s.boot.SpringApplication - Application run failed
org.springframework.context.ApplicationContextException: Failed to start bean 'documentationPluginsBootstrapper'; nested exception is com.google.common.util.concurrent.ExecutionError: com.google.common.util.concurrent.ExecutionError: java.lang.NoClassDefFoundError: com/fasterxml/jackson/annotation/JsonKey
	at org.springframework.context.support.DefaultLifecycleProcessor.doStart(DefaultLifecycleProcessor.java:181)
	at org.springframework.context.support.DefaultLifecycleProcessor.access$200(DefaultLifecycleProcessor.java:54)
	at org.springframework.context.support.DefaultLifecycleProcessor$LifecycleGroup.start(DefaultLifecycleProcessor.java:356)
	at java.lang.Iterable.forEach(Iterable.java:75)
	at org.springframework.context.support.DefaultLifecycleProcessor.startBeans(DefaultLifecycleProcessor.java:155)
	at org.springframework.context.support.DefaultLifecycleProcessor.onRefresh(DefaultLifecycleProcessor.java:123)
	at org.springframework.context.support.AbstractApplicationContext.finishRefresh(AbstractApplicationContext.java:935)
	at org.springframework.context.support.AbstractApplicationContext.refresh(AbstractApplicationContext.java:586)
	at org.springframework.boot.web.servlet.context.ServletWebServerApplicationContext.refresh(ServletWebServerApplicationContext.java:145)
	at org.springframework.boot.SpringApplication.refresh(SpringApplication.java:765)
	at org.springframework.boot.SpringApplication.refreshContext(SpringApplication.java:445)
	at org.springframework.boot.SpringApplication.run(SpringApplication.java:338)
	at org.springframework.boot.SpringApplication.run(SpringApplication.java:1354)
	at org.springframework.boot.SpringApplication.run(SpringApplication.java:1343)
	at hayk.abajyan.am.api.SpringProductManagerDemoApi.main(SpringProductManagerDemoApi.java:11)
Caused by: com.google.common.util.concurrent.ExecutionError: com.google.common.util.concurrent.ExecutionError: java.lang.NoClassDefFoundError: com/fasterxml/jackson/annotation/JsonKey
	at com.google.common.cache.LocalCache$Segment.get(LocalCache.java:2212)
	at com.google.common.cache.LocalCache.get(LocalCache.java:4053)
	at com.google.common.cache.LocalCache.getOrLoad(LocalCache.java:4057)
	at com.google.common.cache.LocalCache$LocalLoadingCache.get(LocalCache.java:4986)
	at springfox.documentation.schema.CachingModelProvider.modelFor(CachingModelProvider.java:59)
	at springfox.documentation.spring.web.scanners.ApiModelReader.read(ApiModelReader.java:69)
	at springfox.documentation.spring.web.scanners.ApiListingScanner.scan(ApiListingScanner.java:133)
	at springfox.documentation.spring.web.scanners.ApiDocumentationScanner.scan(ApiDocumentationScanner.java:71)
	at springfox.documentation.spring.web.plugins.DocumentationPluginsBootstrapper.scanDocumentation(DocumentationPluginsBootstrapper.java:101)
	at springfox.documentation.spring.web.plugins.DocumentationPluginsBootstrapper.start(DocumentationPluginsBootstrapper.java:167)
	at org.springframework.context.support.DefaultLifecycleProcessor.doStart(DefaultLifecycleProcessor.java:178)
	... 14 common frames omitted
Caused by: com.google.common.util.concurrent.ExecutionError: java.lang.NoClassDefFoundError: com/fasterxml/jackson/annotation/JsonKey
	at com.google.common.cache.LocalCache$Segment.get(LocalCache.java:2212)
	at com.google.common.cache.LocalCache.get(LocalCache.java:4053)
	at com.google.common.cache.LocalCache.getOrLoad(LocalCache.java:4057)
	at com.google.common.cache.LocalCache$LocalLoadingCache.get(LocalCache.java:4986)
	at springfox.documentation.schema.property.CachingModelPropertiesProvider.propertiesFor(CachingModelPropertiesProvider.java:64)
	at springfox.documentation.schema.DefaultModelProvider.properties(DefaultModelProvider.java:166)
	at springfox.documentation.schema.DefaultModelProvider.reflectionBasedModel(DefaultModelProvider.java:100)
	at springfox.documentation.schema.DefaultModelProvider.modelFor(DefaultModelProvider.java:95)
	at springfox.documentation.schema.CachingModelProvider$1.load(CachingModelProvider.java:51)
	at springfox.documentation.schema.CachingModelProvider$1.load(CachingModelProvider.java:49)
	at com.google.common.cache.LocalCache$LoadingValueReference.loadFuture(LocalCache.java:3628)
	at com.google.common.cache.LocalCache$Segment.loadSync(LocalCache.java:2336)
	at com.google.common.cache.LocalCache$Segment.lockedGetOrLoad(LocalCache.java:2295)
	at com.google.common.cache.LocalCache$Segment.get(LocalCache.java:2208)
	... 24 common frames omitted
Caused by: java.lang.NoClassDefFoundError: com/fasterxml/jackson/annotation/JsonKey
	at com.fasterxml.jackson.databind.introspect.JacksonAnnotationIntrospector.hasAsKey(JacksonAnnotationIntrospector.java:1080)
	at com.fasterxml.jackson.databind.introspect.AnnotationIntrospectorPair.hasAsKey(AnnotationIntrospectorPair.java:619)
	at com.fasterxml.jackson.databind.introspect.POJOPropertiesCollector._addFields(POJOPropertiesCollector.java:495)
	at com.fasterxml.jackson.databind.introspect.POJOPropertiesCollector.collectAll(POJOPropertiesCollector.java:421)
	at com.fasterxml.jackson.databind.introspect.POJOPropertiesCollector.getPropertyMap(POJOPropertiesCollector.java:386)
	at com.fasterxml.jackson.databind.introspect.POJOPropertiesCollector.getProperties(POJOPropertiesCollector.java:233)
	at com.fasterxml.jackson.databind.introspect.BasicBeanDescription._properties(BasicBeanDescription.java:164)
	at com.fasterxml.jackson.databind.introspect.BasicBeanDescription.findProperties(BasicBeanDescription.java:239)
	at springfox.documentation.schema.property.OptimizedModelPropertiesProvider.propertiesFor(OptimizedModelPropertiesProvider.java:124)
	at springfox.documentation.schema.property.OptimizedModelPropertiesProvider.propertiesFor(OptimizedModelPropertiesProvider.java:118)
	at springfox.documentation.schema.property.CachingModelPropertiesProvider$1.load(CachingModelPropertiesProvider.java:56)
	at springfox.documentation.schema.property.CachingModelPropertiesProvider$1.load(CachingModelPropertiesProvider.java:54)
	at com.google.common.cache.LocalCache$LoadingValueReference.loadFuture(LocalCache.java:3628)
	at com.google.common.cache.LocalCache$Segment.loadSync(LocalCache.java:2336)
	at com.google.common.cache.LocalCache$Segment.lockedGetOrLoad(LocalCache.java:2295)
	at com.google.common.cache.LocalCache$Segment.get(LocalCache.java:2208)
	... 37 common frames omitted
Caused by: java.lang.ClassNotFoundException: com.fasterxml.jackson.annotation.JsonKey
	at java.net.URLClassLoader.findClass(URLClassLoader.java:382)
	at java.lang.ClassLoader.loadClass(ClassLoader.java:424)
	at sun.misc.Launcher$AppClassLoader.loadClass(Launcher.java:349)
	at java.lang.ClassLoader.loadClass(ClassLoader.java:357)
	... 53 common frames omitted
